

Terminals which are not used:

   TK_OPEN_SQ
   TK_CLOSE_SQ
   TK_INT
   KW_EXISTS


State 63 contains 1 shift/reduce conflict.
State 88 contains 1 shift/reduce conflict.
State 95 contains 3 shift/reduce conflicts.
State 111 contains 1 shift/reduce conflict.
State 133 contains 2 shift/reduce conflicts.
State 185 contains 1 shift/reduce conflict.
State 189 contains 1 shift/reduce conflict.
State 209 contains 1 shift/reduce conflict.
State 215 contains 1 shift/reduce conflict.
State 216 contains 1 shift/reduce conflict.
State 280 contains 1 shift/reduce conflict.

Grammar
rule 1    pddl_declarations -> pddl_domain pddl_declarations
rule 2    pddl_declarations -> pddl_problem pddl_declarations
rule 3    pddl_declarations ->		/* empty */
rule 4    pddl_domain -> TK_OPEN KW_DEFINE domain_name domain_elements TK_CLOSE
rule 5    pddl_domain -> TK_OPEN KW_DEFINE domain_name error TK_CLOSE
rule 6    domain_elements -> domain_requires domain_elements
rule 7    domain_elements -> domain_types domain_elements
rule 8    domain_elements -> domain_constants domain_elements
rule 9    domain_elements -> domain_predicates domain_elements
rule 10   domain_elements -> domain_structure domain_elements
rule 11   domain_elements ->		/* empty */
rule 12   domain_name -> TK_OPEN KW_DOMAIN any_symbol TK_CLOSE
rule 13   any_symbol -> TK_NEW_SYMBOL
rule 14   any_symbol -> TK_OBJ_SYMBOL
rule 15   any_symbol -> TK_TYPE_SYMBOL
rule 16   any_symbol -> TK_PRED_SYMBOL
rule 17   any_symbol -> TK_VAR_SYMBOL
rule 18   any_symbol -> TK_ACTION_SYMBOL
rule 19   any_symbol -> TK_AXIOM_SYMBOL
rule 20   any_symbol -> TK_SENSOR_SYMBOL
rule 21   any_symbol -> TK_MISC_SYMBOL
rule 22   action_symbol -> TK_NEW_SYMBOL
rule 23   action_symbol -> TK_ACTION_SYMBOL
rule 24   sensor_symbol -> TK_NEW_SYMBOL
rule 25   sensor_symbol -> TK_SENSOR_SYMBOL
rule 26   axiom_symbol -> TK_NEW_SYMBOL
rule 27   axiom_symbol -> TK_AXIOM_SYMBOL
rule 28   domain_requires -> TK_OPEN KW_REQS require_list TK_CLOSE
rule 29   domain_requires -> TK_OPEN KW_REQS error TK_CLOSE
rule 30   require_list -> require_list KW_TYPES
rule 31   require_list -> require_list TK_KEYWORD
rule 32   require_list ->		/* empty */
rule 33   domain_predicates -> TK_OPEN KW_PREDS predicate_list TK_CLOSE
rule 34   domain_predicates -> TK_OPEN KW_PREDS error TK_CLOSE
rule 35   predicate_list -> predicate_list predicate_decl
rule 36   predicate_list -> predicate_decl
rule 37   predicate_decl -> TK_OPEN TK_NEW_SYMBOL typed_param_list TK_CLOSE
rule 38   predicate_decl -> TK_OPEN error TK_CLOSE
rule 39   typed_param_list -> typed_param_list typed_param_sym_list TK_HYPHEN TK_TYPE_SYMBOL
rule 40   typed_param_list -> typed_param_list typed_param_sym_list
rule 41   typed_param_list ->		/* empty */
rule 42   typed_param_sym_list -> typed_param_sym_list TK_NEW_VAR_SYMBOL
rule 43   typed_param_sym_list ->		/* empty */
rule 44   domain_types -> TK_OPEN KW_TYPES typed_type_list TK_CLOSE
rule 45   typed_type_list -> typed_type_list primitive_type_list TK_HYPHEN TK_TYPE_SYMBOL
rule 46   typed_type_list -> typed_type_list primitive_type_list TK_HYPHEN TK_NEW_SYMBOL
rule 47   typed_type_list -> typed_type_list primitive_type_list
rule 48   typed_type_list ->		/* empty */
rule 49   primitive_type_list -> primitive_type_list TK_TYPE_SYMBOL
rule 50   primitive_type_list -> primitive_type_list TK_NEW_SYMBOL
rule 51   primitive_type_list ->		/* empty */
rule 52   domain_constants -> TK_OPEN KW_CONSTANTS typed_constant_list TK_CLOSE
rule 53   domain_constants -> TK_OPEN KW_OBJECTS typed_constant_list TK_CLOSE
rule 54   typed_constant_list -> typed_constant_list ne_constant_sym_list TK_HYPHEN TK_TYPE_SYMBOL
rule 55   typed_constant_list -> typed_constant_list ne_constant_sym_list
rule 56   typed_constant_list ->		/* empty */
rule 57   ne_constant_sym_list -> ne_constant_sym_list TK_NEW_SYMBOL
rule 58   ne_constant_sym_list -> TK_NEW_SYMBOL
rule 59   domain_structure -> action_declaration
rule 60   domain_structure -> axiom_declaration
rule 61   domain_structure -> sensor_declaration
rule 62   domain_structure -> observable_declaration
rule 63   domain_structure -> sticky_declaration
rule 64   @1 ->		/* empty */
rule 65   action_declaration -> TK_OPEN KW_ACTION action_symbol @1 action_elements TK_CLOSE
rule 66   action_declaration -> TK_OPEN KW_ACTION error TK_CLOSE
rule 67   action_elements -> action_elements KW_ARGS TK_OPEN typed_param_list TK_CLOSE
rule 68   action_elements -> action_elements KW_PRE condition
rule 69   action_elements -> action_elements KW_EFFECT action_effect
rule 70   action_elements -> action_elements KW_OBSERVE action_effect
rule 71   action_elements ->		/* empty */
rule 72   condition -> single_condition
rule 73   condition -> TK_OPEN KW_AND condition_list TK_CLOSE
rule 74   condition_list -> condition_list single_condition
rule 75   condition_list -> single_condition
rule 76   single_condition -> literal
rule 77   literal -> positive_literal
rule 78   literal -> negative_literal
rule 79   positive_literal -> TK_OPEN TK_PRED_SYMBOL atom_argument_list TK_CLOSE
rule 80   positive_literal -> TK_OPEN TK_EQ atom_argument_list TK_CLOSE
rule 81   negative_literal -> TK_OPEN KW_NOT positive_literal TK_CLOSE
rule 82   atom_argument_list -> atom_argument_list TK_VAR_SYMBOL
rule 83   atom_argument_list -> atom_argument_list TK_OBJ_SYMBOL
rule 84   atom_argument_list ->		/* empty */
rule 85   action_effect -> single_action_effect
rule 86   action_effect -> TK_OPEN KW_AND action_effect_list TK_CLOSE
rule 87   action_effect_list -> action_effect_list single_action_effect
rule 88   action_effect_list -> single_action_effect
rule 89   single_action_effect -> atomic_effect
rule 90   single_action_effect -> conditional_effect
rule 91   single_action_effect -> forall_effect
rule 92   conditional_effect -> TK_OPEN KW_WHEN condition atomic_effect_kw_list TK_CLOSE
rule 93   @2 ->		/* empty */
rule 94   @3 ->		/* empty */
rule 95   forall_effect -> TK_OPEN KW_FORALL TK_OPEN @2 typed_param_list TK_CLOSE @3 action_effect TK_CLOSE
rule 96   atomic_effect_kw_list -> TK_OPEN KW_AND atomic_effect_list TK_CLOSE
rule 97   atomic_effect_kw_list -> atomic_effect
rule 98   atomic_effect_list -> atomic_effect_list atomic_effect
rule 99   atomic_effect_list -> atomic_effect
rule 100  positive_atomic_effect_list -> positive_atomic_effect_list positive_atomic_effect
rule 101  positive_atomic_effect_list -> positive_atomic_effect
rule 102  atomic_effect -> literal
rule 103  positive_atomic_effect -> positive_literal
rule 104  at_least_one_invariant -> TK_OPEN KW_INVARIANT condition_list TK_CLOSE
rule 105  at_least_one_invariant -> TK_OPEN KW_AT_LEAST_ONE condition_list TK_CLOSE
rule 106  at_most_one_invariant -> TK_OPEN KW_AT_MOST_ONE condition_list TK_CLOSE
rule 107  exactly_one_invariant -> TK_OPEN KW_EXACTLY_ONE condition_list TK_CLOSE
rule 108  invariant -> at_least_one_invariant
rule 109  invariant -> at_most_one_invariant
rule 110  invariant -> exactly_one_invariant
rule 111  clause -> TK_OPEN KW_OR condition_list TK_CLOSE
rule 112  oneof -> TK_OPEN KW_ONEOF condition_list TK_CLOSE
rule 113  @4 ->		/* empty */
rule 114  axiom_declaration -> TK_OPEN KW_AXIOM axiom_symbol @4 axiom_elements TK_CLOSE
rule 115  axiom_declaration -> TK_OPEN KW_AXIOM error TK_CLOSE
rule 116  axiom_elements -> axiom_elements KW_ARGS TK_OPEN typed_param_list TK_CLOSE
rule 117  axiom_elements -> axiom_elements KW_BODY condition
rule 118  axiom_elements -> axiom_elements KW_HEAD atomic_effect_kw_list
rule 119  axiom_elements ->		/* empty */
rule 120  @5 ->		/* empty */
rule 121  sensor_declaration -> TK_OPEN KW_SENSOR sensor_symbol @5 sensor_elements TK_CLOSE
rule 122  sensor_declaration -> TK_OPEN KW_SENSOR error TK_CLOSE
rule 123  sensor_elements -> sensor_elements KW_ARGS TK_OPEN typed_param_list TK_CLOSE
rule 124  sensor_elements -> sensor_elements KW_COND condition
rule 125  sensor_elements -> sensor_elements KW_SENSE positive_atomic_effect_list
rule 126  sensor_elements ->		/* empty */
rule 127  @6 ->		/* empty */
rule 128  observable_declaration -> TK_OPEN KW_OBSERVABLE @6 observable_elements TK_CLOSE
rule 129  observable_declaration -> TK_OPEN KW_OBSERVABLE error TK_CLOSE
rule 130  observable_elements -> observable_elements KW_ARGS TK_OPEN typed_param_list TK_CLOSE
rule 131  observable_elements -> observable_elements KW_FLUENTS positive_atomic_effect_list
rule 132  observable_elements ->		/* empty */
rule 133  @7 ->		/* empty */
rule 134  sticky_declaration -> TK_OPEN KW_STICKY @7 sticky_elements TK_CLOSE
rule 135  sticky_declaration -> TK_OPEN KW_STICKY error TK_CLOSE
rule 136  sticky_elements -> sticky_elements KW_ARGS TK_OPEN typed_param_list TK_CLOSE
rule 137  sticky_elements -> sticky_elements KW_FLUENTS positive_atomic_effect_list
rule 138  sticky_elements ->		/* empty */
rule 139  @8 ->		/* empty */
rule 140  pddl_problem -> TK_OPEN KW_DEFINE TK_OPEN KW_PROBLEM any_symbol TK_CLOSE @8 problem_elements TK_CLOSE
rule 141  pddl_problem -> TK_OPEN KW_DEFINE TK_OPEN KW_PROBLEM error TK_CLOSE
rule 142  problem_elements -> problem_elements TK_OPEN KW_FORDOMAIN any_symbol TK_CLOSE
rule 143  problem_elements -> problem_elements domain_requires
rule 144  problem_elements -> problem_elements domain_constants
rule 145  problem_elements -> problem_elements initial_state
rule 146  problem_elements -> problem_elements hidden_state
rule 147  problem_elements -> problem_elements goal_spec
rule 148  problem_elements ->		/* empty */
rule 149  initial_state -> TK_OPEN KW_INIT TK_CLOSE
rule 150  initial_state -> TK_OPEN KW_INIT init_elements TK_CLOSE
rule 151  initial_state -> TK_OPEN KW_INIT TK_OPEN KW_AND init_elements TK_CLOSE TK_CLOSE
rule 152  init_elements -> init_elements single_init_element
rule 153  init_elements -> single_init_element
rule 154  single_init_element -> literal
rule 155  single_init_element -> invariant
rule 156  single_init_element -> clause
rule 157  single_init_element -> oneof
rule 158  hidden_state -> TK_OPEN KW_HIDDEN init_elements TK_CLOSE
rule 159  goal_spec -> TK_OPEN KW_GOAL single_goal TK_CLOSE
rule 160  goal_spec -> TK_OPEN KW_GOAL TK_OPEN KW_AND goal_list TK_CLOSE TK_CLOSE
rule 161  goal_list -> goal_list single_goal
rule 162  goal_list -> single_goal
rule 163  single_goal -> positive_literal
rule 164  single_goal -> negative_literal

Terminals, with rules where they appear

$ (-1)
error (256) 5 29 34 38 66 115 122 129 135 141
TK_OPEN (258) 4 5 12 28 29 33 34 37 38 44 52 53 65 66 67 73 79 80 81
    86 92 95 96 104 105 106 107 111 112 114 115 116 121 122 123 128
    129 130 134 135 136 140 141 142 149 150 151 158 159 160
TK_CLOSE (259) 4 5 12 28 29 33 34 37 38 44 52 53 65 66 67 73 79 80
    81 86 92 95 96 104 105 106 107 111 112 114 115 116 121 122 123
    128 129 130 134 135 136 140 141 142 149 150 151 158 159 160
TK_OPEN_SQ (260)
TK_CLOSE_SQ (261)
TK_EQ (262) 80
TK_HYPHEN (263) 39 45 46 54
TK_NEW_SYMBOL (264) 13 22 24 26 37 46 50 57 58
TK_OBJ_SYMBOL (265) 14 83
TK_TYPE_SYMBOL (266) 15 39 45 49 54
TK_PRED_SYMBOL (267) 16 79
TK_VAR_SYMBOL (268) 17 82
TK_ACTION_SYMBOL (269) 18 23
TK_AXIOM_SYMBOL (270) 19 27
TK_SENSOR_SYMBOL (271) 20 25
TK_MISC_SYMBOL (272) 21
TK_KEYWORD (273) 31
TK_NEW_VAR_SYMBOL (274) 42
TK_INT (275)
KW_REQS (276) 28 29
KW_CONSTANTS (277) 52
KW_PREDS (278) 33 34
KW_TYPES (279) 30 44
KW_DEFINE (280) 4 5 140 141
KW_DOMAIN (281) 12
KW_ACTION (282) 65 66
KW_ARGS (283) 67 116 123 130 136
KW_PRE (284) 68
KW_EFFECT (285) 69
KW_AND (286) 73 86 96 151 160
KW_OR (287) 111
KW_EXISTS (288)
KW_FORALL (289) 95
KW_NOT (290) 81
KW_WHEN (291) 92
KW_ONEOF (292) 112
KW_PROBLEM (293) 140 141
KW_FORDOMAIN (294) 142
KW_OBJECTS (295) 53
KW_INIT (296) 149 150 151
KW_GOAL (297) 159 160
KW_SENSOR (298) 121 122
KW_SENSE (299) 125
KW_OBSERVE (300) 70
KW_AXIOM (301) 114 115
KW_COND (302) 124
KW_OBSERVABLE (303) 128 129
KW_BODY (304) 117
KW_HEAD (305) 118
KW_STICKY (306) 134 135
KW_FLUENTS (307) 131 137
KW_HIDDEN (308) 158
KW_INVARIANT (309) 104
KW_AT_LEAST_ONE (310) 105
KW_AT_MOST_ONE (311) 106
KW_EXACTLY_ONE (312) 107

Nonterminals, with rules where they appear

pddl_declarations (58)
    on left: 1 2 3, on right: 1 2
pddl_domain (59)
    on left: 4 5, on right: 1
domain_elements (60)
    on left: 6 7 8 9 10 11, on right: 4 6 7 8 9 10
domain_name (61)
    on left: 12, on right: 4 5
any_symbol (62)
    on left: 13 14 15 16 17 18 19 20 21, on right: 12 140 142
action_symbol (63)
    on left: 22 23, on right: 65
sensor_symbol (64)
    on left: 24 25, on right: 121
axiom_symbol (65)
    on left: 26 27, on right: 114
domain_requires (66)
    on left: 28 29, on right: 6 143
require_list (67)
    on left: 30 31 32, on right: 28 30 31
domain_predicates (68)
    on left: 33 34, on right: 9
predicate_list (69)
    on left: 35 36, on right: 33 35
predicate_decl (70)
    on left: 37 38, on right: 35 36
typed_param_list (71)
    on left: 39 40 41, on right: 37 39 40 67 95 116 123 130 136
typed_param_sym_list (72)
    on left: 42 43, on right: 39 40 42
domain_types (73)
    on left: 44, on right: 7
typed_type_list (74)
    on left: 45 46 47 48, on right: 44 45 46 47
primitive_type_list (75)
    on left: 49 50 51, on right: 45 46 47 49 50
domain_constants (76)
    on left: 52 53, on right: 8 144
typed_constant_list (77)
    on left: 54 55 56, on right: 52 53 54 55
ne_constant_sym_list (78)
    on left: 57 58, on right: 54 55 57
domain_structure (79)
    on left: 59 60 61 62 63, on right: 10
action_declaration (80)
    on left: 65 66, on right: 59
@1 (81)
    on left: 64, on right: 65
action_elements (82)
    on left: 67 68 69 70 71, on right: 65 67 68 69 70
condition (83)
    on left: 72 73, on right: 68 92 117 124
condition_list (84)
    on left: 74 75, on right: 73 74 104 105 106 107 111 112
single_condition (85)
    on left: 76, on right: 72 74 75
literal (86)
    on left: 77 78, on right: 76 102 154
positive_literal (87)
    on left: 79 80, on right: 77 81 103 163
negative_literal (88)
    on left: 81, on right: 78 164
atom_argument_list (89)
    on left: 82 83 84, on right: 79 80 82 83
action_effect (90)
    on left: 85 86, on right: 69 70 95
action_effect_list (91)
    on left: 87 88, on right: 86 87
single_action_effect (92)
    on left: 89 90 91, on right: 85 87 88
conditional_effect (93)
    on left: 92, on right: 90
forall_effect (94)
    on left: 95, on right: 91
@2 (95)
    on left: 93, on right: 95
@3 (96)
    on left: 94, on right: 95
atomic_effect_kw_list (97)
    on left: 96 97, on right: 92 118
atomic_effect_list (98)
    on left: 98 99, on right: 96 98
positive_atomic_effect_list (99)
    on left: 100 101, on right: 100 125 131 137
atomic_effect (100)
    on left: 102, on right: 89 97 98 99
positive_atomic_effect (101)
    on left: 103, on right: 100 101
at_least_one_invariant (102)
    on left: 104 105, on right: 108
at_most_one_invariant (103)
    on left: 106, on right: 109
exactly_one_invariant (104)
    on left: 107, on right: 110
invariant (105)
    on left: 108 109 110, on right: 155
clause (106)
    on left: 111, on right: 156
oneof (107)
    on left: 112, on right: 157
axiom_declaration (108)
    on left: 114 115, on right: 60
@4 (109)
    on left: 113, on right: 114
axiom_elements (110)
    on left: 116 117 118 119, on right: 114 116 117 118
sensor_declaration (111)
    on left: 121 122, on right: 61
@5 (112)
    on left: 120, on right: 121
sensor_elements (113)
    on left: 123 124 125 126, on right: 121 123 124 125
observable_declaration (114)
    on left: 128 129, on right: 62
@6 (115)
    on left: 127, on right: 128
observable_elements (116)
    on left: 130 131 132, on right: 128 130 131
sticky_declaration (117)
    on left: 134 135, on right: 63
@7 (118)
    on left: 133, on right: 134
sticky_elements (119)
    on left: 136 137 138, on right: 134 136 137
pddl_problem (120)
    on left: 140 141, on right: 2
@8 (121)
    on left: 139, on right: 140
problem_elements (122)
    on left: 142 143 144 145 146 147 148, on right: 140 142 143 144
    145 146 147
initial_state (123)
    on left: 149 150 151, on right: 145
init_elements (124)
    on left: 152 153, on right: 150 151 152 158
single_init_element (125)
    on left: 154 155 156 157, on right: 152 153
hidden_state (126)
    on left: 158, on right: 146
goal_spec (127)
    on left: 159 160, on right: 147
goal_list (128)
    on left: 161 162, on right: 160 161
single_goal (129)
    on left: 163 164, on right: 159 161 162


state 0

    TK_OPEN	shift, and go to state 1

    $default	reduce using rule 3 (pddl_declarations)

    pddl_declarations	go to state 288
    pddl_domain	go to state 2
    pddl_problem	go to state 3



state 1

    pddl_domain  ->  TK_OPEN . KW_DEFINE domain_name domain_elements TK_CLOSE   (rule 4)
    pddl_domain  ->  TK_OPEN . KW_DEFINE domain_name error TK_CLOSE   (rule 5)
    pddl_problem  ->  TK_OPEN . KW_DEFINE TK_OPEN KW_PROBLEM any_symbol TK_CLOSE @8 problem_elements TK_CLOSE   (rule 140)
    pddl_problem  ->  TK_OPEN . KW_DEFINE TK_OPEN KW_PROBLEM error TK_CLOSE   (rule 141)

    KW_DEFINE	shift, and go to state 4



state 2

    pddl_declarations  ->  pddl_domain . pddl_declarations   (rule 1)

    TK_OPEN	shift, and go to state 1

    $default	reduce using rule 3 (pddl_declarations)

    pddl_declarations	go to state 5
    pddl_domain	go to state 2
    pddl_problem	go to state 3



state 3

    pddl_declarations  ->  pddl_problem . pddl_declarations   (rule 2)

    TK_OPEN	shift, and go to state 1

    $default	reduce using rule 3 (pddl_declarations)

    pddl_declarations	go to state 6
    pddl_domain	go to state 2
    pddl_problem	go to state 3



state 4

    pddl_domain  ->  TK_OPEN KW_DEFINE . domain_name domain_elements TK_CLOSE   (rule 4)
    pddl_domain  ->  TK_OPEN KW_DEFINE . domain_name error TK_CLOSE   (rule 5)
    pddl_problem  ->  TK_OPEN KW_DEFINE . TK_OPEN KW_PROBLEM any_symbol TK_CLOSE @8 problem_elements TK_CLOSE   (rule 140)
    pddl_problem  ->  TK_OPEN KW_DEFINE . TK_OPEN KW_PROBLEM error TK_CLOSE   (rule 141)

    TK_OPEN	shift, and go to state 7

    domain_name	go to state 8



state 5

    pddl_declarations  ->  pddl_domain pddl_declarations .   (rule 1)

    $default	reduce using rule 1 (pddl_declarations)



state 6

    pddl_declarations  ->  pddl_problem pddl_declarations .   (rule 2)

    $default	reduce using rule 2 (pddl_declarations)



state 7

    domain_name  ->  TK_OPEN . KW_DOMAIN any_symbol TK_CLOSE   (rule 12)
    pddl_problem  ->  TK_OPEN KW_DEFINE TK_OPEN . KW_PROBLEM any_symbol TK_CLOSE @8 problem_elements TK_CLOSE   (rule 140)
    pddl_problem  ->  TK_OPEN KW_DEFINE TK_OPEN . KW_PROBLEM error TK_CLOSE   (rule 141)

    KW_DOMAIN	shift, and go to state 9
    KW_PROBLEM	shift, and go to state 10



state 8

    pddl_domain  ->  TK_OPEN KW_DEFINE domain_name . domain_elements TK_CLOSE   (rule 4)
    pddl_domain  ->  TK_OPEN KW_DEFINE domain_name . error TK_CLOSE   (rule 5)

    error	shift, and go to state 11
    TK_OPEN	shift, and go to state 12

    TK_CLOSE	reduce using rule 11 (domain_elements)
    KW_WHEN	reduce using rule 11 (domain_elements)

    domain_elements	go to state 13
    domain_requires	go to state 14
    domain_predicates	go to state 15
    domain_types	go to state 16
    domain_constants	go to state 17
    domain_structure	go to state 18
    action_declaration	go to state 19
    axiom_declaration	go to state 20
    sensor_declaration	go to state 21
    observable_declaration	go to state 22
    sticky_declaration	go to state 23



state 9

    domain_name  ->  TK_OPEN KW_DOMAIN . any_symbol TK_CLOSE   (rule 12)

    TK_NEW_SYMBOL	shift, and go to state 24
    TK_OBJ_SYMBOL	shift, and go to state 25
    TK_TYPE_SYMBOL	shift, and go to state 26
    TK_PRED_SYMBOL	shift, and go to state 27
    TK_VAR_SYMBOL	shift, and go to state 28
    TK_ACTION_SYMBOL	shift, and go to state 29
    TK_AXIOM_SYMBOL	shift, and go to state 30
    TK_SENSOR_SYMBOL	shift, and go to state 31
    TK_MISC_SYMBOL	shift, and go to state 32

    any_symbol	go to state 33



state 10

    pddl_problem  ->  TK_OPEN KW_DEFINE TK_OPEN KW_PROBLEM . any_symbol TK_CLOSE @8 problem_elements TK_CLOSE   (rule 140)
    pddl_problem  ->  TK_OPEN KW_DEFINE TK_OPEN KW_PROBLEM . error TK_CLOSE   (rule 141)

    error	shift, and go to state 34
    TK_NEW_SYMBOL	shift, and go to state 24
    TK_OBJ_SYMBOL	shift, and go to state 25
    TK_TYPE_SYMBOL	shift, and go to state 26
    TK_PRED_SYMBOL	shift, and go to state 27
    TK_VAR_SYMBOL	shift, and go to state 28
    TK_ACTION_SYMBOL	shift, and go to state 29
    TK_AXIOM_SYMBOL	shift, and go to state 30
    TK_SENSOR_SYMBOL	shift, and go to state 31
    TK_MISC_SYMBOL	shift, and go to state 32

    any_symbol	go to state 35



state 11

    pddl_domain  ->  TK_OPEN KW_DEFINE domain_name error . TK_CLOSE   (rule 5)

    TK_CLOSE	shift, and go to state 36



state 12

    domain_requires  ->  TK_OPEN . KW_REQS require_list TK_CLOSE   (rule 28)
    domain_requires  ->  TK_OPEN . KW_REQS error TK_CLOSE   (rule 29)
    domain_predicates  ->  TK_OPEN . KW_PREDS predicate_list TK_CLOSE   (rule 33)
    domain_predicates  ->  TK_OPEN . KW_PREDS error TK_CLOSE   (rule 34)
    domain_types  ->  TK_OPEN . KW_TYPES typed_type_list TK_CLOSE   (rule 44)
    domain_constants  ->  TK_OPEN . KW_CONSTANTS typed_constant_list TK_CLOSE   (rule 52)
    domain_constants  ->  TK_OPEN . KW_OBJECTS typed_constant_list TK_CLOSE   (rule 53)
    action_declaration  ->  TK_OPEN . KW_ACTION action_symbol @1 action_elements TK_CLOSE   (rule 65)
    action_declaration  ->  TK_OPEN . KW_ACTION error TK_CLOSE   (rule 66)
    axiom_declaration  ->  TK_OPEN . KW_AXIOM axiom_symbol @4 axiom_elements TK_CLOSE   (rule 114)
    axiom_declaration  ->  TK_OPEN . KW_AXIOM error TK_CLOSE   (rule 115)
    sensor_declaration  ->  TK_OPEN . KW_SENSOR sensor_symbol @5 sensor_elements TK_CLOSE   (rule 121)
    sensor_declaration  ->  TK_OPEN . KW_SENSOR error TK_CLOSE   (rule 122)
    observable_declaration  ->  TK_OPEN . KW_OBSERVABLE @6 observable_elements TK_CLOSE   (rule 128)
    observable_declaration  ->  TK_OPEN . KW_OBSERVABLE error TK_CLOSE   (rule 129)
    sticky_declaration  ->  TK_OPEN . KW_STICKY @7 sticky_elements TK_CLOSE   (rule 134)
    sticky_declaration  ->  TK_OPEN . KW_STICKY error TK_CLOSE   (rule 135)

    KW_REQS	shift, and go to state 37
    KW_CONSTANTS	shift, and go to state 38
    KW_PREDS	shift, and go to state 39
    KW_TYPES	shift, and go to state 40
    KW_ACTION	shift, and go to state 41
    KW_OBJECTS	shift, and go to state 42
    KW_SENSOR	shift, and go to state 43
    KW_AXIOM	shift, and go to state 44
    KW_OBSERVABLE	shift, and go to state 45
    KW_STICKY	shift, and go to state 46



state 13

    pddl_domain  ->  TK_OPEN KW_DEFINE domain_name domain_elements . TK_CLOSE   (rule 4)

    TK_CLOSE	shift, and go to state 47



state 14

    domain_elements  ->  domain_requires . domain_elements   (rule 6)

    TK_OPEN	shift, and go to state 12

    $default	reduce using rule 11 (domain_elements)

    domain_elements	go to state 48
    domain_requires	go to state 14
    domain_predicates	go to state 15
    domain_types	go to state 16
    domain_constants	go to state 17
    domain_structure	go to state 18
    action_declaration	go to state 19
    axiom_declaration	go to state 20
    sensor_declaration	go to state 21
    observable_declaration	go to state 22
    sticky_declaration	go to state 23



state 15

    domain_elements  ->  domain_predicates . domain_elements   (rule 9)

    TK_OPEN	shift, and go to state 12

    $default	reduce using rule 11 (domain_elements)

    domain_elements	go to state 49
    domain_requires	go to state 14
    domain_predicates	go to state 15
    domain_types	go to state 16
    domain_constants	go to state 17
    domain_structure	go to state 18
    action_declaration	go to state 19
    axiom_declaration	go to state 20
    sensor_declaration	go to state 21
    observable_declaration	go to state 22
    sticky_declaration	go to state 23



state 16

    domain_elements  ->  domain_types . domain_elements   (rule 7)

    TK_OPEN	shift, and go to state 12

    $default	reduce using rule 11 (domain_elements)

    domain_elements	go to state 50
    domain_requires	go to state 14
    domain_predicates	go to state 15
    domain_types	go to state 16
    domain_constants	go to state 17
    domain_structure	go to state 18
    action_declaration	go to state 19
    axiom_declaration	go to state 20
    sensor_declaration	go to state 21
    observable_declaration	go to state 22
    sticky_declaration	go to state 23



state 17

    domain_elements  ->  domain_constants . domain_elements   (rule 8)

    TK_OPEN	shift, and go to state 12

    $default	reduce using rule 11 (domain_elements)

    domain_elements	go to state 51
    domain_requires	go to state 14
    domain_predicates	go to state 15
    domain_types	go to state 16
    domain_constants	go to state 17
    domain_structure	go to state 18
    action_declaration	go to state 19
    axiom_declaration	go to state 20
    sensor_declaration	go to state 21
    observable_declaration	go to state 22
    sticky_declaration	go to state 23



state 18

    domain_elements  ->  domain_structure . domain_elements   (rule 10)

    TK_OPEN	shift, and go to state 12

    $default	reduce using rule 11 (domain_elements)

    domain_elements	go to state 52
    domain_requires	go to state 14
    domain_predicates	go to state 15
    domain_types	go to state 16
    domain_constants	go to state 17
    domain_structure	go to state 18
    action_declaration	go to state 19
    axiom_declaration	go to state 20
    sensor_declaration	go to state 21
    observable_declaration	go to state 22
    sticky_declaration	go to state 23



state 19

    domain_structure  ->  action_declaration .   (rule 59)

    $default	reduce using rule 59 (domain_structure)



state 20

    domain_structure  ->  axiom_declaration .   (rule 60)

    $default	reduce using rule 60 (domain_structure)



state 21

    domain_structure  ->  sensor_declaration .   (rule 61)

    $default	reduce using rule 61 (domain_structure)



state 22

    domain_structure  ->  observable_declaration .   (rule 62)

    $default	reduce using rule 62 (domain_structure)



state 23

    domain_structure  ->  sticky_declaration .   (rule 63)

    $default	reduce using rule 63 (domain_structure)



state 24

    any_symbol  ->  TK_NEW_SYMBOL .   (rule 13)

    $default	reduce using rule 13 (any_symbol)



state 25

    any_symbol  ->  TK_OBJ_SYMBOL .   (rule 14)

    $default	reduce using rule 14 (any_symbol)



state 26

    any_symbol  ->  TK_TYPE_SYMBOL .   (rule 15)

    $default	reduce using rule 15 (any_symbol)



state 27

    any_symbol  ->  TK_PRED_SYMBOL .   (rule 16)

    $default	reduce using rule 16 (any_symbol)



state 28

    any_symbol  ->  TK_VAR_SYMBOL .   (rule 17)

    $default	reduce using rule 17 (any_symbol)



state 29

    any_symbol  ->  TK_ACTION_SYMBOL .   (rule 18)

    $default	reduce using rule 18 (any_symbol)



state 30

    any_symbol  ->  TK_AXIOM_SYMBOL .   (rule 19)

    $default	reduce using rule 19 (any_symbol)



state 31

    any_symbol  ->  TK_SENSOR_SYMBOL .   (rule 20)

    $default	reduce using rule 20 (any_symbol)



state 32

    any_symbol  ->  TK_MISC_SYMBOL .   (rule 21)

    $default	reduce using rule 21 (any_symbol)



state 33

    domain_name  ->  TK_OPEN KW_DOMAIN any_symbol . TK_CLOSE   (rule 12)

    TK_CLOSE	shift, and go to state 53



state 34

    pddl_problem  ->  TK_OPEN KW_DEFINE TK_OPEN KW_PROBLEM error . TK_CLOSE   (rule 141)

    TK_CLOSE	shift, and go to state 54



state 35

    pddl_problem  ->  TK_OPEN KW_DEFINE TK_OPEN KW_PROBLEM any_symbol . TK_CLOSE @8 problem_elements TK_CLOSE   (rule 140)

    TK_CLOSE	shift, and go to state 55



state 36

    pddl_domain  ->  TK_OPEN KW_DEFINE domain_name error TK_CLOSE .   (rule 5)

    $default	reduce using rule 5 (pddl_domain)



state 37

    domain_requires  ->  TK_OPEN KW_REQS . require_list TK_CLOSE   (rule 28)
    domain_requires  ->  TK_OPEN KW_REQS . error TK_CLOSE   (rule 29)

    error	shift, and go to state 56

    TK_CLOSE	reduce using rule 32 (require_list)
    TK_KEYWORD	reduce using rule 32 (require_list)
    KW_TYPES	reduce using rule 32 (require_list)
    KW_WHEN	reduce using rule 32 (require_list)
    KW_HEAD	reduce using rule 32 (require_list)
    KW_AT_MOST_ONE	reduce using rule 32 (require_list)

    require_list	go to state 57



state 38

    domain_constants  ->  TK_OPEN KW_CONSTANTS . typed_constant_list TK_CLOSE   (rule 52)

    $default	reduce using rule 56 (typed_constant_list)

    typed_constant_list	go to state 58



state 39

    domain_predicates  ->  TK_OPEN KW_PREDS . predicate_list TK_CLOSE   (rule 33)
    domain_predicates  ->  TK_OPEN KW_PREDS . error TK_CLOSE   (rule 34)

    error	shift, and go to state 59
    TK_OPEN	shift, and go to state 60

    predicate_list	go to state 61
    predicate_decl	go to state 62



state 40

    domain_types  ->  TK_OPEN KW_TYPES . typed_type_list TK_CLOSE   (rule 44)

    $default	reduce using rule 48 (typed_type_list)

    typed_type_list	go to state 63



state 41

    action_declaration  ->  TK_OPEN KW_ACTION . action_symbol @1 action_elements TK_CLOSE   (rule 65)
    action_declaration  ->  TK_OPEN KW_ACTION . error TK_CLOSE   (rule 66)

    error	shift, and go to state 64
    TK_NEW_SYMBOL	shift, and go to state 65
    TK_ACTION_SYMBOL	shift, and go to state 66

    action_symbol	go to state 67



state 42

    domain_constants  ->  TK_OPEN KW_OBJECTS . typed_constant_list TK_CLOSE   (rule 53)

    $default	reduce using rule 56 (typed_constant_list)

    typed_constant_list	go to state 68



state 43

    sensor_declaration  ->  TK_OPEN KW_SENSOR . sensor_symbol @5 sensor_elements TK_CLOSE   (rule 121)
    sensor_declaration  ->  TK_OPEN KW_SENSOR . error TK_CLOSE   (rule 122)

    error	shift, and go to state 69
    TK_NEW_SYMBOL	shift, and go to state 70
    TK_SENSOR_SYMBOL	shift, and go to state 71

    sensor_symbol	go to state 72



state 44

    axiom_declaration  ->  TK_OPEN KW_AXIOM . axiom_symbol @4 axiom_elements TK_CLOSE   (rule 114)
    axiom_declaration  ->  TK_OPEN KW_AXIOM . error TK_CLOSE   (rule 115)

    error	shift, and go to state 73
    TK_NEW_SYMBOL	shift, and go to state 74
    TK_AXIOM_SYMBOL	shift, and go to state 75

    axiom_symbol	go to state 76



state 45

    observable_declaration  ->  TK_OPEN KW_OBSERVABLE . @6 observable_elements TK_CLOSE   (rule 128)
    observable_declaration  ->  TK_OPEN KW_OBSERVABLE . error TK_CLOSE   (rule 129)

    error	shift, and go to state 77

    TK_CLOSE	reduce using rule 127 (@6)
    KW_ARGS	reduce using rule 127 (@6)
    KW_WHEN	reduce using rule 127 (@6)

    @6  	go to state 78



state 46

    sticky_declaration  ->  TK_OPEN KW_STICKY . @7 sticky_elements TK_CLOSE   (rule 134)
    sticky_declaration  ->  TK_OPEN KW_STICKY . error TK_CLOSE   (rule 135)

    error	shift, and go to state 79

    TK_CLOSE	reduce using rule 133 (@7)
    KW_ARGS	reduce using rule 133 (@7)
    KW_WHEN	reduce using rule 133 (@7)

    @7  	go to state 80



state 47

    pddl_domain  ->  TK_OPEN KW_DEFINE domain_name domain_elements TK_CLOSE .   (rule 4)

    $default	reduce using rule 4 (pddl_domain)



state 48

    domain_elements  ->  domain_requires domain_elements .   (rule 6)

    $default	reduce using rule 6 (domain_elements)



state 49

    domain_elements  ->  domain_predicates domain_elements .   (rule 9)

    $default	reduce using rule 9 (domain_elements)



state 50

    domain_elements  ->  domain_types domain_elements .   (rule 7)

    $default	reduce using rule 7 (domain_elements)



state 51

    domain_elements  ->  domain_constants domain_elements .   (rule 8)

    $default	reduce using rule 8 (domain_elements)



state 52

    domain_elements  ->  domain_structure domain_elements .   (rule 10)

    $default	reduce using rule 10 (domain_elements)



state 53

    domain_name  ->  TK_OPEN KW_DOMAIN any_symbol TK_CLOSE .   (rule 12)

    $default	reduce using rule 12 (domain_name)



state 54

    pddl_problem  ->  TK_OPEN KW_DEFINE TK_OPEN KW_PROBLEM error TK_CLOSE .   (rule 141)

    $default	reduce using rule 141 (pddl_problem)



state 55

    pddl_problem  ->  TK_OPEN KW_DEFINE TK_OPEN KW_PROBLEM any_symbol TK_CLOSE . @8 problem_elements TK_CLOSE   (rule 140)

    $default	reduce using rule 139 (@8)

    @8  	go to state 81



state 56

    domain_requires  ->  TK_OPEN KW_REQS error . TK_CLOSE   (rule 29)

    TK_CLOSE	shift, and go to state 82



state 57

    domain_requires  ->  TK_OPEN KW_REQS require_list . TK_CLOSE   (rule 28)
    require_list  ->  require_list . KW_TYPES   (rule 30)
    require_list  ->  require_list . TK_KEYWORD   (rule 31)

    TK_CLOSE	shift, and go to state 83
    TK_KEYWORD	shift, and go to state 84
    KW_TYPES	shift, and go to state 85



state 58

    domain_constants  ->  TK_OPEN KW_CONSTANTS typed_constant_list . TK_CLOSE   (rule 52)
    typed_constant_list  ->  typed_constant_list . ne_constant_sym_list TK_HYPHEN TK_TYPE_SYMBOL   (rule 54)
    typed_constant_list  ->  typed_constant_list . ne_constant_sym_list   (rule 55)

    TK_CLOSE	shift, and go to state 86
    TK_NEW_SYMBOL	shift, and go to state 87

    ne_constant_sym_list	go to state 88



state 59

    domain_predicates  ->  TK_OPEN KW_PREDS error . TK_CLOSE   (rule 34)

    TK_CLOSE	shift, and go to state 89



state 60

    predicate_decl  ->  TK_OPEN . TK_NEW_SYMBOL typed_param_list TK_CLOSE   (rule 37)
    predicate_decl  ->  TK_OPEN . error TK_CLOSE   (rule 38)

    error	shift, and go to state 90
    TK_NEW_SYMBOL	shift, and go to state 91



state 61

    domain_predicates  ->  TK_OPEN KW_PREDS predicate_list . TK_CLOSE   (rule 33)
    predicate_list  ->  predicate_list . predicate_decl   (rule 35)

    TK_OPEN	shift, and go to state 60
    TK_CLOSE	shift, and go to state 92

    predicate_decl	go to state 93



state 62

    predicate_list  ->  predicate_decl .   (rule 36)

    $default	reduce using rule 36 (predicate_list)



state 63

    domain_types  ->  TK_OPEN KW_TYPES typed_type_list . TK_CLOSE   (rule 44)
    typed_type_list  ->  typed_type_list . primitive_type_list TK_HYPHEN TK_TYPE_SYMBOL   (rule 45)
    typed_type_list  ->  typed_type_list . primitive_type_list TK_HYPHEN TK_NEW_SYMBOL   (rule 46)
    typed_type_list  ->  typed_type_list . primitive_type_list   (rule 47)

    TK_CLOSE	shift, and go to state 94

    TK_CLOSE	[reduce using rule 51 (primitive_type_list)]
    $default	reduce using rule 51 (primitive_type_list)

    primitive_type_list	go to state 95



state 64

    action_declaration  ->  TK_OPEN KW_ACTION error . TK_CLOSE   (rule 66)

    TK_CLOSE	shift, and go to state 96



state 65

    action_symbol  ->  TK_NEW_SYMBOL .   (rule 22)

    $default	reduce using rule 22 (action_symbol)



state 66

    action_symbol  ->  TK_ACTION_SYMBOL .   (rule 23)

    $default	reduce using rule 23 (action_symbol)



state 67

    action_declaration  ->  TK_OPEN KW_ACTION action_symbol . @1 action_elements TK_CLOSE   (rule 65)

    $default	reduce using rule 64 (@1)

    @1  	go to state 97



state 68

    domain_constants  ->  TK_OPEN KW_OBJECTS typed_constant_list . TK_CLOSE   (rule 53)
    typed_constant_list  ->  typed_constant_list . ne_constant_sym_list TK_HYPHEN TK_TYPE_SYMBOL   (rule 54)
    typed_constant_list  ->  typed_constant_list . ne_constant_sym_list   (rule 55)

    TK_CLOSE	shift, and go to state 98
    TK_NEW_SYMBOL	shift, and go to state 87

    ne_constant_sym_list	go to state 88



state 69

    sensor_declaration  ->  TK_OPEN KW_SENSOR error . TK_CLOSE   (rule 122)

    TK_CLOSE	shift, and go to state 99



state 70

    sensor_symbol  ->  TK_NEW_SYMBOL .   (rule 24)

    $default	reduce using rule 24 (sensor_symbol)



state 71

    sensor_symbol  ->  TK_SENSOR_SYMBOL .   (rule 25)

    $default	reduce using rule 25 (sensor_symbol)



state 72

    sensor_declaration  ->  TK_OPEN KW_SENSOR sensor_symbol . @5 sensor_elements TK_CLOSE   (rule 121)

    $default	reduce using rule 120 (@5)

    @5  	go to state 100



state 73

    axiom_declaration  ->  TK_OPEN KW_AXIOM error . TK_CLOSE   (rule 115)

    TK_CLOSE	shift, and go to state 101



state 74

    axiom_symbol  ->  TK_NEW_SYMBOL .   (rule 26)

    $default	reduce using rule 26 (axiom_symbol)



state 75

    axiom_symbol  ->  TK_AXIOM_SYMBOL .   (rule 27)

    $default	reduce using rule 27 (axiom_symbol)



state 76

    axiom_declaration  ->  TK_OPEN KW_AXIOM axiom_symbol . @4 axiom_elements TK_CLOSE   (rule 114)

    $default	reduce using rule 113 (@4)

    @4  	go to state 102



state 77

    observable_declaration  ->  TK_OPEN KW_OBSERVABLE error . TK_CLOSE   (rule 129)

    TK_CLOSE	shift, and go to state 103



state 78

    observable_declaration  ->  TK_OPEN KW_OBSERVABLE @6 . observable_elements TK_CLOSE   (rule 128)

    $default	reduce using rule 132 (observable_elements)

    observable_elements	go to state 104



state 79

    sticky_declaration  ->  TK_OPEN KW_STICKY error . TK_CLOSE   (rule 135)

    TK_CLOSE	shift, and go to state 105



state 80

    sticky_declaration  ->  TK_OPEN KW_STICKY @7 . sticky_elements TK_CLOSE   (rule 134)

    $default	reduce using rule 138 (sticky_elements)

    sticky_elements	go to state 106



state 81

    pddl_problem  ->  TK_OPEN KW_DEFINE TK_OPEN KW_PROBLEM any_symbol TK_CLOSE @8 . problem_elements TK_CLOSE   (rule 140)

    $default	reduce using rule 148 (problem_elements)

    problem_elements	go to state 107



state 82

    domain_requires  ->  TK_OPEN KW_REQS error TK_CLOSE .   (rule 29)

    $default	reduce using rule 29 (domain_requires)



state 83

    domain_requires  ->  TK_OPEN KW_REQS require_list TK_CLOSE .   (rule 28)

    $default	reduce using rule 28 (domain_requires)



state 84

    require_list  ->  require_list TK_KEYWORD .   (rule 31)

    $default	reduce using rule 31 (require_list)



state 85

    require_list  ->  require_list KW_TYPES .   (rule 30)

    $default	reduce using rule 30 (require_list)



state 86

    domain_constants  ->  TK_OPEN KW_CONSTANTS typed_constant_list TK_CLOSE .   (rule 52)

    $default	reduce using rule 52 (domain_constants)



state 87

    ne_constant_sym_list  ->  TK_NEW_SYMBOL .   (rule 58)

    $default	reduce using rule 58 (ne_constant_sym_list)



state 88

    typed_constant_list  ->  typed_constant_list ne_constant_sym_list . TK_HYPHEN TK_TYPE_SYMBOL   (rule 54)
    typed_constant_list  ->  typed_constant_list ne_constant_sym_list .   (rule 55)
    ne_constant_sym_list  ->  ne_constant_sym_list . TK_NEW_SYMBOL   (rule 57)

    TK_HYPHEN	shift, and go to state 108
    TK_NEW_SYMBOL	shift, and go to state 109

    TK_NEW_SYMBOL	[reduce using rule 55 (typed_constant_list)]
    $default	reduce using rule 55 (typed_constant_list)



state 89

    domain_predicates  ->  TK_OPEN KW_PREDS error TK_CLOSE .   (rule 34)

    $default	reduce using rule 34 (domain_predicates)



state 90

    predicate_decl  ->  TK_OPEN error . TK_CLOSE   (rule 38)

    TK_CLOSE	shift, and go to state 110



state 91

    predicate_decl  ->  TK_OPEN TK_NEW_SYMBOL . typed_param_list TK_CLOSE   (rule 37)

    $default	reduce using rule 41 (typed_param_list)

    typed_param_list	go to state 111



state 92

    domain_predicates  ->  TK_OPEN KW_PREDS predicate_list TK_CLOSE .   (rule 33)

    $default	reduce using rule 33 (domain_predicates)



state 93

    predicate_list  ->  predicate_list predicate_decl .   (rule 35)

    $default	reduce using rule 35 (predicate_list)



state 94

    domain_types  ->  TK_OPEN KW_TYPES typed_type_list TK_CLOSE .   (rule 44)

    $default	reduce using rule 44 (domain_types)



state 95

    typed_type_list  ->  typed_type_list primitive_type_list . TK_HYPHEN TK_TYPE_SYMBOL   (rule 45)
    typed_type_list  ->  typed_type_list primitive_type_list . TK_HYPHEN TK_NEW_SYMBOL   (rule 46)
    typed_type_list  ->  typed_type_list primitive_type_list .   (rule 47)
    primitive_type_list  ->  primitive_type_list . TK_TYPE_SYMBOL   (rule 49)
    primitive_type_list  ->  primitive_type_list . TK_NEW_SYMBOL   (rule 50)

    TK_HYPHEN	shift, and go to state 112
    TK_NEW_SYMBOL	shift, and go to state 113
    TK_TYPE_SYMBOL	shift, and go to state 114

    TK_HYPHEN	[reduce using rule 47 (typed_type_list)]
    TK_NEW_SYMBOL	[reduce using rule 47 (typed_type_list)]
    TK_TYPE_SYMBOL	[reduce using rule 47 (typed_type_list)]
    $default	reduce using rule 47 (typed_type_list)



state 96

    action_declaration  ->  TK_OPEN KW_ACTION error TK_CLOSE .   (rule 66)

    $default	reduce using rule 66 (action_declaration)



state 97

    action_declaration  ->  TK_OPEN KW_ACTION action_symbol @1 . action_elements TK_CLOSE   (rule 65)

    $default	reduce using rule 71 (action_elements)

    action_elements	go to state 115



state 98

    domain_constants  ->  TK_OPEN KW_OBJECTS typed_constant_list TK_CLOSE .   (rule 53)

    $default	reduce using rule 53 (domain_constants)



state 99

    sensor_declaration  ->  TK_OPEN KW_SENSOR error TK_CLOSE .   (rule 122)

    $default	reduce using rule 122 (sensor_declaration)



state 100

    sensor_declaration  ->  TK_OPEN KW_SENSOR sensor_symbol @5 . sensor_elements TK_CLOSE   (rule 121)

    $default	reduce using rule 126 (sensor_elements)

    sensor_elements	go to state 116



state 101

    axiom_declaration  ->  TK_OPEN KW_AXIOM error TK_CLOSE .   (rule 115)

    $default	reduce using rule 115 (axiom_declaration)



state 102

    axiom_declaration  ->  TK_OPEN KW_AXIOM axiom_symbol @4 . axiom_elements TK_CLOSE   (rule 114)

    $default	reduce using rule 119 (axiom_elements)

    axiom_elements	go to state 117



state 103

    observable_declaration  ->  TK_OPEN KW_OBSERVABLE error TK_CLOSE .   (rule 129)

    $default	reduce using rule 129 (observable_declaration)



state 104

    observable_declaration  ->  TK_OPEN KW_OBSERVABLE @6 observable_elements . TK_CLOSE   (rule 128)
    observable_elements  ->  observable_elements . KW_ARGS TK_OPEN typed_param_list TK_CLOSE   (rule 130)
    observable_elements  ->  observable_elements . KW_FLUENTS positive_atomic_effect_list   (rule 131)

    TK_CLOSE	shift, and go to state 118
    KW_ARGS	shift, and go to state 119
    KW_FLUENTS	shift, and go to state 120



state 105

    sticky_declaration  ->  TK_OPEN KW_STICKY error TK_CLOSE .   (rule 135)

    $default	reduce using rule 135 (sticky_declaration)



state 106

    sticky_declaration  ->  TK_OPEN KW_STICKY @7 sticky_elements . TK_CLOSE   (rule 134)
    sticky_elements  ->  sticky_elements . KW_ARGS TK_OPEN typed_param_list TK_CLOSE   (rule 136)
    sticky_elements  ->  sticky_elements . KW_FLUENTS positive_atomic_effect_list   (rule 137)

    TK_CLOSE	shift, and go to state 121
    KW_ARGS	shift, and go to state 122
    KW_FLUENTS	shift, and go to state 123



state 107

    pddl_problem  ->  TK_OPEN KW_DEFINE TK_OPEN KW_PROBLEM any_symbol TK_CLOSE @8 problem_elements . TK_CLOSE   (rule 140)
    problem_elements  ->  problem_elements . TK_OPEN KW_FORDOMAIN any_symbol TK_CLOSE   (rule 142)
    problem_elements  ->  problem_elements . domain_requires   (rule 143)
    problem_elements  ->  problem_elements . domain_constants   (rule 144)
    problem_elements  ->  problem_elements . initial_state   (rule 145)
    problem_elements  ->  problem_elements . hidden_state   (rule 146)
    problem_elements  ->  problem_elements . goal_spec   (rule 147)

    TK_OPEN	shift, and go to state 124
    TK_CLOSE	shift, and go to state 125

    domain_requires	go to state 126
    domain_constants	go to state 127
    initial_state	go to state 128
    hidden_state	go to state 129
    goal_spec	go to state 130



state 108

    typed_constant_list  ->  typed_constant_list ne_constant_sym_list TK_HYPHEN . TK_TYPE_SYMBOL   (rule 54)

    TK_TYPE_SYMBOL	shift, and go to state 131



state 109

    ne_constant_sym_list  ->  ne_constant_sym_list TK_NEW_SYMBOL .   (rule 57)

    $default	reduce using rule 57 (ne_constant_sym_list)



state 110

    predicate_decl  ->  TK_OPEN error TK_CLOSE .   (rule 38)

    $default	reduce using rule 38 (predicate_decl)



state 111

    predicate_decl  ->  TK_OPEN TK_NEW_SYMBOL typed_param_list . TK_CLOSE   (rule 37)
    typed_param_list  ->  typed_param_list . typed_param_sym_list TK_HYPHEN TK_TYPE_SYMBOL   (rule 39)
    typed_param_list  ->  typed_param_list . typed_param_sym_list   (rule 40)

    TK_CLOSE	shift, and go to state 132

    TK_CLOSE	[reduce using rule 43 (typed_param_sym_list)]
    $default	reduce using rule 43 (typed_param_sym_list)

    typed_param_sym_list	go to state 133



state 112

    typed_type_list  ->  typed_type_list primitive_type_list TK_HYPHEN . TK_TYPE_SYMBOL   (rule 45)
    typed_type_list  ->  typed_type_list primitive_type_list TK_HYPHEN . TK_NEW_SYMBOL   (rule 46)

    TK_NEW_SYMBOL	shift, and go to state 134
    TK_TYPE_SYMBOL	shift, and go to state 135



state 113

    primitive_type_list  ->  primitive_type_list TK_NEW_SYMBOL .   (rule 50)

    $default	reduce using rule 50 (primitive_type_list)



state 114

    primitive_type_list  ->  primitive_type_list TK_TYPE_SYMBOL .   (rule 49)

    $default	reduce using rule 49 (primitive_type_list)



state 115

    action_declaration  ->  TK_OPEN KW_ACTION action_symbol @1 action_elements . TK_CLOSE   (rule 65)
    action_elements  ->  action_elements . KW_ARGS TK_OPEN typed_param_list TK_CLOSE   (rule 67)
    action_elements  ->  action_elements . KW_PRE condition   (rule 68)
    action_elements  ->  action_elements . KW_EFFECT action_effect   (rule 69)
    action_elements  ->  action_elements . KW_OBSERVE action_effect   (rule 70)

    TK_CLOSE	shift, and go to state 136
    KW_ARGS	shift, and go to state 137
    KW_PRE	shift, and go to state 138
    KW_EFFECT	shift, and go to state 139
    KW_OBSERVE	shift, and go to state 140



state 116

    sensor_declaration  ->  TK_OPEN KW_SENSOR sensor_symbol @5 sensor_elements . TK_CLOSE   (rule 121)
    sensor_elements  ->  sensor_elements . KW_ARGS TK_OPEN typed_param_list TK_CLOSE   (rule 123)
    sensor_elements  ->  sensor_elements . KW_COND condition   (rule 124)
    sensor_elements  ->  sensor_elements . KW_SENSE positive_atomic_effect_list   (rule 125)

    TK_CLOSE	shift, and go to state 141
    KW_ARGS	shift, and go to state 142
    KW_SENSE	shift, and go to state 143
    KW_COND	shift, and go to state 144



state 117

    axiom_declaration  ->  TK_OPEN KW_AXIOM axiom_symbol @4 axiom_elements . TK_CLOSE   (rule 114)
    axiom_elements  ->  axiom_elements . KW_ARGS TK_OPEN typed_param_list TK_CLOSE   (rule 116)
    axiom_elements  ->  axiom_elements . KW_BODY condition   (rule 117)
    axiom_elements  ->  axiom_elements . KW_HEAD atomic_effect_kw_list   (rule 118)

    TK_CLOSE	shift, and go to state 145
    KW_ARGS	shift, and go to state 146
    KW_BODY	shift, and go to state 147
    KW_HEAD	shift, and go to state 148



state 118

    observable_declaration  ->  TK_OPEN KW_OBSERVABLE @6 observable_elements TK_CLOSE .   (rule 128)

    $default	reduce using rule 128 (observable_declaration)



state 119

    observable_elements  ->  observable_elements KW_ARGS . TK_OPEN typed_param_list TK_CLOSE   (rule 130)

    TK_OPEN	shift, and go to state 149



state 120

    observable_elements  ->  observable_elements KW_FLUENTS . positive_atomic_effect_list   (rule 131)

    TK_OPEN	shift, and go to state 150

    positive_literal	go to state 151
    positive_atomic_effect_list	go to state 152
    positive_atomic_effect	go to state 153



state 121

    sticky_declaration  ->  TK_OPEN KW_STICKY @7 sticky_elements TK_CLOSE .   (rule 134)

    $default	reduce using rule 134 (sticky_declaration)



state 122

    sticky_elements  ->  sticky_elements KW_ARGS . TK_OPEN typed_param_list TK_CLOSE   (rule 136)

    TK_OPEN	shift, and go to state 154



state 123

    sticky_elements  ->  sticky_elements KW_FLUENTS . positive_atomic_effect_list   (rule 137)

    TK_OPEN	shift, and go to state 150

    positive_literal	go to state 151
    positive_atomic_effect_list	go to state 155
    positive_atomic_effect	go to state 153



state 124

    domain_requires  ->  TK_OPEN . KW_REQS require_list TK_CLOSE   (rule 28)
    domain_requires  ->  TK_OPEN . KW_REQS error TK_CLOSE   (rule 29)
    domain_constants  ->  TK_OPEN . KW_CONSTANTS typed_constant_list TK_CLOSE   (rule 52)
    domain_constants  ->  TK_OPEN . KW_OBJECTS typed_constant_list TK_CLOSE   (rule 53)
    problem_elements  ->  problem_elements TK_OPEN . KW_FORDOMAIN any_symbol TK_CLOSE   (rule 142)
    initial_state  ->  TK_OPEN . KW_INIT TK_CLOSE   (rule 149)
    initial_state  ->  TK_OPEN . KW_INIT init_elements TK_CLOSE   (rule 150)
    initial_state  ->  TK_OPEN . KW_INIT TK_OPEN KW_AND init_elements TK_CLOSE TK_CLOSE   (rule 151)
    hidden_state  ->  TK_OPEN . KW_HIDDEN init_elements TK_CLOSE   (rule 158)
    goal_spec  ->  TK_OPEN . KW_GOAL single_goal TK_CLOSE   (rule 159)
    goal_spec  ->  TK_OPEN . KW_GOAL TK_OPEN KW_AND goal_list TK_CLOSE TK_CLOSE   (rule 160)

    KW_REQS	shift, and go to state 37
    KW_CONSTANTS	shift, and go to state 38
    KW_FORDOMAIN	shift, and go to state 156
    KW_OBJECTS	shift, and go to state 42
    KW_INIT	shift, and go to state 157
    KW_GOAL	shift, and go to state 158
    KW_HIDDEN	shift, and go to state 159



state 125

    pddl_problem  ->  TK_OPEN KW_DEFINE TK_OPEN KW_PROBLEM any_symbol TK_CLOSE @8 problem_elements TK_CLOSE .   (rule 140)

    $default	reduce using rule 140 (pddl_problem)



state 126

    problem_elements  ->  problem_elements domain_requires .   (rule 143)

    $default	reduce using rule 143 (problem_elements)



state 127

    problem_elements  ->  problem_elements domain_constants .   (rule 144)

    $default	reduce using rule 144 (problem_elements)



state 128

    problem_elements  ->  problem_elements initial_state .   (rule 145)

    $default	reduce using rule 145 (problem_elements)



state 129

    problem_elements  ->  problem_elements hidden_state .   (rule 146)

    $default	reduce using rule 146 (problem_elements)



state 130

    problem_elements  ->  problem_elements goal_spec .   (rule 147)

    $default	reduce using rule 147 (problem_elements)



state 131

    typed_constant_list  ->  typed_constant_list ne_constant_sym_list TK_HYPHEN TK_TYPE_SYMBOL .   (rule 54)

    $default	reduce using rule 54 (typed_constant_list)



state 132

    predicate_decl  ->  TK_OPEN TK_NEW_SYMBOL typed_param_list TK_CLOSE .   (rule 37)

    $default	reduce using rule 37 (predicate_decl)



state 133

    typed_param_list  ->  typed_param_list typed_param_sym_list . TK_HYPHEN TK_TYPE_SYMBOL   (rule 39)
    typed_param_list  ->  typed_param_list typed_param_sym_list .   (rule 40)
    typed_param_sym_list  ->  typed_param_sym_list . TK_NEW_VAR_SYMBOL   (rule 42)

    TK_HYPHEN	shift, and go to state 160
    TK_NEW_VAR_SYMBOL	shift, and go to state 161

    TK_HYPHEN	[reduce using rule 40 (typed_param_list)]
    TK_NEW_VAR_SYMBOL	[reduce using rule 40 (typed_param_list)]
    $default	reduce using rule 40 (typed_param_list)



state 134

    typed_type_list  ->  typed_type_list primitive_type_list TK_HYPHEN TK_NEW_SYMBOL .   (rule 46)

    $default	reduce using rule 46 (typed_type_list)



state 135

    typed_type_list  ->  typed_type_list primitive_type_list TK_HYPHEN TK_TYPE_SYMBOL .   (rule 45)

    $default	reduce using rule 45 (typed_type_list)



state 136

    action_declaration  ->  TK_OPEN KW_ACTION action_symbol @1 action_elements TK_CLOSE .   (rule 65)

    $default	reduce using rule 65 (action_declaration)



state 137

    action_elements  ->  action_elements KW_ARGS . TK_OPEN typed_param_list TK_CLOSE   (rule 67)

    TK_OPEN	shift, and go to state 162



state 138

    action_elements  ->  action_elements KW_PRE . condition   (rule 68)

    TK_OPEN	shift, and go to state 163

    condition	go to state 164
    single_condition	go to state 165
    literal	go to state 166
    positive_literal	go to state 167
    negative_literal	go to state 168



state 139

    action_elements  ->  action_elements KW_EFFECT . action_effect   (rule 69)

    TK_OPEN	shift, and go to state 169

    literal	go to state 170
    positive_literal	go to state 167
    negative_literal	go to state 168
    action_effect	go to state 171
    single_action_effect	go to state 172
    conditional_effect	go to state 173
    forall_effect	go to state 174
    atomic_effect	go to state 175



state 140

    action_elements  ->  action_elements KW_OBSERVE . action_effect   (rule 70)

    TK_OPEN	shift, and go to state 169

    literal	go to state 170
    positive_literal	go to state 167
    negative_literal	go to state 168
    action_effect	go to state 176
    single_action_effect	go to state 172
    conditional_effect	go to state 173
    forall_effect	go to state 174
    atomic_effect	go to state 175



state 141

    sensor_declaration  ->  TK_OPEN KW_SENSOR sensor_symbol @5 sensor_elements TK_CLOSE .   (rule 121)

    $default	reduce using rule 121 (sensor_declaration)



state 142

    sensor_elements  ->  sensor_elements KW_ARGS . TK_OPEN typed_param_list TK_CLOSE   (rule 123)

    TK_OPEN	shift, and go to state 177



state 143

    sensor_elements  ->  sensor_elements KW_SENSE . positive_atomic_effect_list   (rule 125)

    TK_OPEN	shift, and go to state 150

    positive_literal	go to state 151
    positive_atomic_effect_list	go to state 178
    positive_atomic_effect	go to state 153



state 144

    sensor_elements  ->  sensor_elements KW_COND . condition   (rule 124)

    TK_OPEN	shift, and go to state 163

    condition	go to state 179
    single_condition	go to state 165
    literal	go to state 166
    positive_literal	go to state 167
    negative_literal	go to state 168



state 145

    axiom_declaration  ->  TK_OPEN KW_AXIOM axiom_symbol @4 axiom_elements TK_CLOSE .   (rule 114)

    $default	reduce using rule 114 (axiom_declaration)



state 146

    axiom_elements  ->  axiom_elements KW_ARGS . TK_OPEN typed_param_list TK_CLOSE   (rule 116)

    TK_OPEN	shift, and go to state 180



state 147

    axiom_elements  ->  axiom_elements KW_BODY . condition   (rule 117)

    TK_OPEN	shift, and go to state 163

    condition	go to state 181
    single_condition	go to state 165
    literal	go to state 166
    positive_literal	go to state 167
    negative_literal	go to state 168



state 148

    axiom_elements  ->  axiom_elements KW_HEAD . atomic_effect_kw_list   (rule 118)

    TK_OPEN	shift, and go to state 182

    literal	go to state 170
    positive_literal	go to state 167
    negative_literal	go to state 168
    atomic_effect_kw_list	go to state 183
    atomic_effect	go to state 184



state 149

    observable_elements  ->  observable_elements KW_ARGS TK_OPEN . typed_param_list TK_CLOSE   (rule 130)

    $default	reduce using rule 41 (typed_param_list)

    typed_param_list	go to state 185



state 150

    positive_literal  ->  TK_OPEN . TK_PRED_SYMBOL atom_argument_list TK_CLOSE   (rule 79)
    positive_literal  ->  TK_OPEN . TK_EQ atom_argument_list TK_CLOSE   (rule 80)

    TK_EQ	shift, and go to state 186
    TK_PRED_SYMBOL	shift, and go to state 187



state 151

    positive_atomic_effect  ->  positive_literal .   (rule 103)

    $default	reduce using rule 103 (positive_atomic_effect)



state 152

    positive_atomic_effect_list  ->  positive_atomic_effect_list . positive_atomic_effect   (rule 100)
    observable_elements  ->  observable_elements KW_FLUENTS positive_atomic_effect_list .   (rule 131)

    TK_OPEN	shift, and go to state 150

    $default	reduce using rule 131 (observable_elements)

    positive_literal	go to state 151
    positive_atomic_effect	go to state 188



state 153

    positive_atomic_effect_list  ->  positive_atomic_effect .   (rule 101)

    $default	reduce using rule 101 (positive_atomic_effect_list)



state 154

    sticky_elements  ->  sticky_elements KW_ARGS TK_OPEN . typed_param_list TK_CLOSE   (rule 136)

    $default	reduce using rule 41 (typed_param_list)

    typed_param_list	go to state 189



state 155

    positive_atomic_effect_list  ->  positive_atomic_effect_list . positive_atomic_effect   (rule 100)
    sticky_elements  ->  sticky_elements KW_FLUENTS positive_atomic_effect_list .   (rule 137)

    TK_OPEN	shift, and go to state 150

    $default	reduce using rule 137 (sticky_elements)

    positive_literal	go to state 151
    positive_atomic_effect	go to state 188



state 156

    problem_elements  ->  problem_elements TK_OPEN KW_FORDOMAIN . any_symbol TK_CLOSE   (rule 142)

    TK_NEW_SYMBOL	shift, and go to state 24
    TK_OBJ_SYMBOL	shift, and go to state 25
    TK_TYPE_SYMBOL	shift, and go to state 26
    TK_PRED_SYMBOL	shift, and go to state 27
    TK_VAR_SYMBOL	shift, and go to state 28
    TK_ACTION_SYMBOL	shift, and go to state 29
    TK_AXIOM_SYMBOL	shift, and go to state 30
    TK_SENSOR_SYMBOL	shift, and go to state 31
    TK_MISC_SYMBOL	shift, and go to state 32

    any_symbol	go to state 190



state 157

    initial_state  ->  TK_OPEN KW_INIT . TK_CLOSE   (rule 149)
    initial_state  ->  TK_OPEN KW_INIT . init_elements TK_CLOSE   (rule 150)
    initial_state  ->  TK_OPEN KW_INIT . TK_OPEN KW_AND init_elements TK_CLOSE TK_CLOSE   (rule 151)

    TK_OPEN	shift, and go to state 191
    TK_CLOSE	shift, and go to state 192

    literal	go to state 193
    positive_literal	go to state 167
    negative_literal	go to state 168
    at_least_one_invariant	go to state 194
    at_most_one_invariant	go to state 195
    exactly_one_invariant	go to state 196
    invariant	go to state 197
    clause	go to state 198
    oneof	go to state 199
    init_elements	go to state 200
    single_init_element	go to state 201



state 158

    goal_spec  ->  TK_OPEN KW_GOAL . single_goal TK_CLOSE   (rule 159)
    goal_spec  ->  TK_OPEN KW_GOAL . TK_OPEN KW_AND goal_list TK_CLOSE TK_CLOSE   (rule 160)

    TK_OPEN	shift, and go to state 202

    positive_literal	go to state 203
    negative_literal	go to state 204
    single_goal	go to state 205



state 159

    hidden_state  ->  TK_OPEN KW_HIDDEN . init_elements TK_CLOSE   (rule 158)

    TK_OPEN	shift, and go to state 206

    literal	go to state 193
    positive_literal	go to state 167
    negative_literal	go to state 168
    at_least_one_invariant	go to state 194
    at_most_one_invariant	go to state 195
    exactly_one_invariant	go to state 196
    invariant	go to state 197
    clause	go to state 198
    oneof	go to state 199
    init_elements	go to state 207
    single_init_element	go to state 201



state 160

    typed_param_list  ->  typed_param_list typed_param_sym_list TK_HYPHEN . TK_TYPE_SYMBOL   (rule 39)

    TK_TYPE_SYMBOL	shift, and go to state 208



state 161

    typed_param_sym_list  ->  typed_param_sym_list TK_NEW_VAR_SYMBOL .   (rule 42)

    $default	reduce using rule 42 (typed_param_sym_list)



state 162

    action_elements  ->  action_elements KW_ARGS TK_OPEN . typed_param_list TK_CLOSE   (rule 67)

    $default	reduce using rule 41 (typed_param_list)

    typed_param_list	go to state 209



state 163

    condition  ->  TK_OPEN . KW_AND condition_list TK_CLOSE   (rule 73)
    positive_literal  ->  TK_OPEN . TK_PRED_SYMBOL atom_argument_list TK_CLOSE   (rule 79)
    positive_literal  ->  TK_OPEN . TK_EQ atom_argument_list TK_CLOSE   (rule 80)
    negative_literal  ->  TK_OPEN . KW_NOT positive_literal TK_CLOSE   (rule 81)

    TK_EQ	shift, and go to state 186
    TK_PRED_SYMBOL	shift, and go to state 187
    KW_AND	shift, and go to state 210
    KW_NOT	shift, and go to state 211



state 164

    action_elements  ->  action_elements KW_PRE condition .   (rule 68)

    $default	reduce using rule 68 (action_elements)



state 165

    condition  ->  single_condition .   (rule 72)

    $default	reduce using rule 72 (condition)



state 166

    single_condition  ->  literal .   (rule 76)

    $default	reduce using rule 76 (single_condition)



state 167

    literal  ->  positive_literal .   (rule 77)

    $default	reduce using rule 77 (literal)



state 168

    literal  ->  negative_literal .   (rule 78)

    $default	reduce using rule 78 (literal)



state 169

    positive_literal  ->  TK_OPEN . TK_PRED_SYMBOL atom_argument_list TK_CLOSE   (rule 79)
    positive_literal  ->  TK_OPEN . TK_EQ atom_argument_list TK_CLOSE   (rule 80)
    negative_literal  ->  TK_OPEN . KW_NOT positive_literal TK_CLOSE   (rule 81)
    action_effect  ->  TK_OPEN . KW_AND action_effect_list TK_CLOSE   (rule 86)
    conditional_effect  ->  TK_OPEN . KW_WHEN condition atomic_effect_kw_list TK_CLOSE   (rule 92)
    forall_effect  ->  TK_OPEN . KW_FORALL TK_OPEN @2 typed_param_list TK_CLOSE @3 action_effect TK_CLOSE   (rule 95)

    TK_EQ	shift, and go to state 186
    TK_PRED_SYMBOL	shift, and go to state 187
    KW_AND	shift, and go to state 212
    KW_FORALL	shift, and go to state 213
    KW_NOT	shift, and go to state 211
    KW_WHEN	shift, and go to state 214



state 170

    atomic_effect  ->  literal .   (rule 102)

    $default	reduce using rule 102 (atomic_effect)



state 171

    action_elements  ->  action_elements KW_EFFECT action_effect .   (rule 69)

    $default	reduce using rule 69 (action_elements)



state 172

    action_effect  ->  single_action_effect .   (rule 85)

    $default	reduce using rule 85 (action_effect)



state 173

    single_action_effect  ->  conditional_effect .   (rule 90)

    $default	reduce using rule 90 (single_action_effect)



state 174

    single_action_effect  ->  forall_effect .   (rule 91)

    $default	reduce using rule 91 (single_action_effect)



state 175

    single_action_effect  ->  atomic_effect .   (rule 89)

    $default	reduce using rule 89 (single_action_effect)



state 176

    action_elements  ->  action_elements KW_OBSERVE action_effect .   (rule 70)

    $default	reduce using rule 70 (action_elements)



state 177

    sensor_elements  ->  sensor_elements KW_ARGS TK_OPEN . typed_param_list TK_CLOSE   (rule 123)

    $default	reduce using rule 41 (typed_param_list)

    typed_param_list	go to state 215



state 178

    positive_atomic_effect_list  ->  positive_atomic_effect_list . positive_atomic_effect   (rule 100)
    sensor_elements  ->  sensor_elements KW_SENSE positive_atomic_effect_list .   (rule 125)

    TK_OPEN	shift, and go to state 150

    $default	reduce using rule 125 (sensor_elements)

    positive_literal	go to state 151
    positive_atomic_effect	go to state 188



state 179

    sensor_elements  ->  sensor_elements KW_COND condition .   (rule 124)

    $default	reduce using rule 124 (sensor_elements)



state 180

    axiom_elements  ->  axiom_elements KW_ARGS TK_OPEN . typed_param_list TK_CLOSE   (rule 116)

    $default	reduce using rule 41 (typed_param_list)

    typed_param_list	go to state 216



state 181

    axiom_elements  ->  axiom_elements KW_BODY condition .   (rule 117)

    $default	reduce using rule 117 (axiom_elements)



state 182

    positive_literal  ->  TK_OPEN . TK_PRED_SYMBOL atom_argument_list TK_CLOSE   (rule 79)
    positive_literal  ->  TK_OPEN . TK_EQ atom_argument_list TK_CLOSE   (rule 80)
    negative_literal  ->  TK_OPEN . KW_NOT positive_literal TK_CLOSE   (rule 81)
    atomic_effect_kw_list  ->  TK_OPEN . KW_AND atomic_effect_list TK_CLOSE   (rule 96)

    TK_EQ	shift, and go to state 186
    TK_PRED_SYMBOL	shift, and go to state 187
    KW_AND	shift, and go to state 217
    KW_NOT	shift, and go to state 211



state 183

    axiom_elements  ->  axiom_elements KW_HEAD atomic_effect_kw_list .   (rule 118)

    $default	reduce using rule 118 (axiom_elements)



state 184

    atomic_effect_kw_list  ->  atomic_effect .   (rule 97)

    $default	reduce using rule 97 (atomic_effect_kw_list)



state 185

    typed_param_list  ->  typed_param_list . typed_param_sym_list TK_HYPHEN TK_TYPE_SYMBOL   (rule 39)
    typed_param_list  ->  typed_param_list . typed_param_sym_list   (rule 40)
    observable_elements  ->  observable_elements KW_ARGS TK_OPEN typed_param_list . TK_CLOSE   (rule 130)

    TK_CLOSE	shift, and go to state 218

    TK_CLOSE	[reduce using rule 43 (typed_param_sym_list)]
    $default	reduce using rule 43 (typed_param_sym_list)

    typed_param_sym_list	go to state 133



state 186

    positive_literal  ->  TK_OPEN TK_EQ . atom_argument_list TK_CLOSE   (rule 80)

    $default	reduce using rule 84 (atom_argument_list)

    atom_argument_list	go to state 219



state 187

    positive_literal  ->  TK_OPEN TK_PRED_SYMBOL . atom_argument_list TK_CLOSE   (rule 79)

    $default	reduce using rule 84 (atom_argument_list)

    atom_argument_list	go to state 220



state 188

    positive_atomic_effect_list  ->  positive_atomic_effect_list positive_atomic_effect .   (rule 100)

    $default	reduce using rule 100 (positive_atomic_effect_list)



state 189

    typed_param_list  ->  typed_param_list . typed_param_sym_list TK_HYPHEN TK_TYPE_SYMBOL   (rule 39)
    typed_param_list  ->  typed_param_list . typed_param_sym_list   (rule 40)
    sticky_elements  ->  sticky_elements KW_ARGS TK_OPEN typed_param_list . TK_CLOSE   (rule 136)

    TK_CLOSE	shift, and go to state 221

    TK_CLOSE	[reduce using rule 43 (typed_param_sym_list)]
    $default	reduce using rule 43 (typed_param_sym_list)

    typed_param_sym_list	go to state 133



state 190

    problem_elements  ->  problem_elements TK_OPEN KW_FORDOMAIN any_symbol . TK_CLOSE   (rule 142)

    TK_CLOSE	shift, and go to state 222



state 191

    positive_literal  ->  TK_OPEN . TK_PRED_SYMBOL atom_argument_list TK_CLOSE   (rule 79)
    positive_literal  ->  TK_OPEN . TK_EQ atom_argument_list TK_CLOSE   (rule 80)
    negative_literal  ->  TK_OPEN . KW_NOT positive_literal TK_CLOSE   (rule 81)
    at_least_one_invariant  ->  TK_OPEN . KW_INVARIANT condition_list TK_CLOSE   (rule 104)
    at_least_one_invariant  ->  TK_OPEN . KW_AT_LEAST_ONE condition_list TK_CLOSE   (rule 105)
    at_most_one_invariant  ->  TK_OPEN . KW_AT_MOST_ONE condition_list TK_CLOSE   (rule 106)
    exactly_one_invariant  ->  TK_OPEN . KW_EXACTLY_ONE condition_list TK_CLOSE   (rule 107)
    clause  ->  TK_OPEN . KW_OR condition_list TK_CLOSE   (rule 111)
    oneof  ->  TK_OPEN . KW_ONEOF condition_list TK_CLOSE   (rule 112)
    initial_state  ->  TK_OPEN KW_INIT TK_OPEN . KW_AND init_elements TK_CLOSE TK_CLOSE   (rule 151)

    TK_EQ	shift, and go to state 186
    TK_PRED_SYMBOL	shift, and go to state 187
    KW_AND	shift, and go to state 223
    KW_OR	shift, and go to state 224
    KW_NOT	shift, and go to state 211
    KW_ONEOF	shift, and go to state 225
    KW_INVARIANT	shift, and go to state 226
    KW_AT_LEAST_ONE	shift, and go to state 227
    KW_AT_MOST_ONE	shift, and go to state 228
    KW_EXACTLY_ONE	shift, and go to state 229



state 192

    initial_state  ->  TK_OPEN KW_INIT TK_CLOSE .   (rule 149)

    $default	reduce using rule 149 (initial_state)



state 193

    single_init_element  ->  literal .   (rule 154)

    $default	reduce using rule 154 (single_init_element)



state 194

    invariant  ->  at_least_one_invariant .   (rule 108)

    $default	reduce using rule 108 (invariant)



state 195

    invariant  ->  at_most_one_invariant .   (rule 109)

    $default	reduce using rule 109 (invariant)



state 196

    invariant  ->  exactly_one_invariant .   (rule 110)

    $default	reduce using rule 110 (invariant)



state 197

    single_init_element  ->  invariant .   (rule 155)

    $default	reduce using rule 155 (single_init_element)



state 198

    single_init_element  ->  clause .   (rule 156)

    $default	reduce using rule 156 (single_init_element)



state 199

    single_init_element  ->  oneof .   (rule 157)

    $default	reduce using rule 157 (single_init_element)



state 200

    initial_state  ->  TK_OPEN KW_INIT init_elements . TK_CLOSE   (rule 150)
    init_elements  ->  init_elements . single_init_element   (rule 152)

    TK_OPEN	shift, and go to state 206
    TK_CLOSE	shift, and go to state 230

    literal	go to state 193
    positive_literal	go to state 167
    negative_literal	go to state 168
    at_least_one_invariant	go to state 194
    at_most_one_invariant	go to state 195
    exactly_one_invariant	go to state 196
    invariant	go to state 197
    clause	go to state 198
    oneof	go to state 199
    single_init_element	go to state 231



state 201

    init_elements  ->  single_init_element .   (rule 153)

    $default	reduce using rule 153 (init_elements)



state 202

    positive_literal  ->  TK_OPEN . TK_PRED_SYMBOL atom_argument_list TK_CLOSE   (rule 79)
    positive_literal  ->  TK_OPEN . TK_EQ atom_argument_list TK_CLOSE   (rule 80)
    negative_literal  ->  TK_OPEN . KW_NOT positive_literal TK_CLOSE   (rule 81)
    goal_spec  ->  TK_OPEN KW_GOAL TK_OPEN . KW_AND goal_list TK_CLOSE TK_CLOSE   (rule 160)

    TK_EQ	shift, and go to state 186
    TK_PRED_SYMBOL	shift, and go to state 187
    KW_AND	shift, and go to state 232
    KW_NOT	shift, and go to state 211



state 203

    single_goal  ->  positive_literal .   (rule 163)

    $default	reduce using rule 163 (single_goal)



state 204

    single_goal  ->  negative_literal .   (rule 164)

    $default	reduce using rule 164 (single_goal)



state 205

    goal_spec  ->  TK_OPEN KW_GOAL single_goal . TK_CLOSE   (rule 159)

    TK_CLOSE	shift, and go to state 233



state 206

    positive_literal  ->  TK_OPEN . TK_PRED_SYMBOL atom_argument_list TK_CLOSE   (rule 79)
    positive_literal  ->  TK_OPEN . TK_EQ atom_argument_list TK_CLOSE   (rule 80)
    negative_literal  ->  TK_OPEN . KW_NOT positive_literal TK_CLOSE   (rule 81)
    at_least_one_invariant  ->  TK_OPEN . KW_INVARIANT condition_list TK_CLOSE   (rule 104)
    at_least_one_invariant  ->  TK_OPEN . KW_AT_LEAST_ONE condition_list TK_CLOSE   (rule 105)
    at_most_one_invariant  ->  TK_OPEN . KW_AT_MOST_ONE condition_list TK_CLOSE   (rule 106)
    exactly_one_invariant  ->  TK_OPEN . KW_EXACTLY_ONE condition_list TK_CLOSE   (rule 107)
    clause  ->  TK_OPEN . KW_OR condition_list TK_CLOSE   (rule 111)
    oneof  ->  TK_OPEN . KW_ONEOF condition_list TK_CLOSE   (rule 112)

    TK_EQ	shift, and go to state 186
    TK_PRED_SYMBOL	shift, and go to state 187
    KW_OR	shift, and go to state 224
    KW_NOT	shift, and go to state 211
    KW_ONEOF	shift, and go to state 225
    KW_INVARIANT	shift, and go to state 226
    KW_AT_LEAST_ONE	shift, and go to state 227
    KW_AT_MOST_ONE	shift, and go to state 228
    KW_EXACTLY_ONE	shift, and go to state 229



state 207

    init_elements  ->  init_elements . single_init_element   (rule 152)
    hidden_state  ->  TK_OPEN KW_HIDDEN init_elements . TK_CLOSE   (rule 158)

    TK_OPEN	shift, and go to state 206
    TK_CLOSE	shift, and go to state 234

    literal	go to state 193
    positive_literal	go to state 167
    negative_literal	go to state 168
    at_least_one_invariant	go to state 194
    at_most_one_invariant	go to state 195
    exactly_one_invariant	go to state 196
    invariant	go to state 197
    clause	go to state 198
    oneof	go to state 199
    single_init_element	go to state 231



state 208

    typed_param_list  ->  typed_param_list typed_param_sym_list TK_HYPHEN TK_TYPE_SYMBOL .   (rule 39)

    $default	reduce using rule 39 (typed_param_list)



state 209

    typed_param_list  ->  typed_param_list . typed_param_sym_list TK_HYPHEN TK_TYPE_SYMBOL   (rule 39)
    typed_param_list  ->  typed_param_list . typed_param_sym_list   (rule 40)
    action_elements  ->  action_elements KW_ARGS TK_OPEN typed_param_list . TK_CLOSE   (rule 67)

    TK_CLOSE	shift, and go to state 235

    TK_CLOSE	[reduce using rule 43 (typed_param_sym_list)]
    $default	reduce using rule 43 (typed_param_sym_list)

    typed_param_sym_list	go to state 133



state 210

    condition  ->  TK_OPEN KW_AND . condition_list TK_CLOSE   (rule 73)

    TK_OPEN	shift, and go to state 236

    condition_list	go to state 237
    single_condition	go to state 238
    literal	go to state 166
    positive_literal	go to state 167
    negative_literal	go to state 168



state 211

    negative_literal  ->  TK_OPEN KW_NOT . positive_literal TK_CLOSE   (rule 81)

    TK_OPEN	shift, and go to state 150

    positive_literal	go to state 239



state 212

    action_effect  ->  TK_OPEN KW_AND . action_effect_list TK_CLOSE   (rule 86)

    TK_OPEN	shift, and go to state 240

    literal	go to state 170
    positive_literal	go to state 167
    negative_literal	go to state 168
    action_effect_list	go to state 241
    single_action_effect	go to state 242
    conditional_effect	go to state 173
    forall_effect	go to state 174
    atomic_effect	go to state 175



state 213

    forall_effect  ->  TK_OPEN KW_FORALL . TK_OPEN @2 typed_param_list TK_CLOSE @3 action_effect TK_CLOSE   (rule 95)

    TK_OPEN	shift, and go to state 243



state 214

    conditional_effect  ->  TK_OPEN KW_WHEN . condition atomic_effect_kw_list TK_CLOSE   (rule 92)

    TK_OPEN	shift, and go to state 163

    condition	go to state 244
    single_condition	go to state 165
    literal	go to state 166
    positive_literal	go to state 167
    negative_literal	go to state 168



state 215

    typed_param_list  ->  typed_param_list . typed_param_sym_list TK_HYPHEN TK_TYPE_SYMBOL   (rule 39)
    typed_param_list  ->  typed_param_list . typed_param_sym_list   (rule 40)
    sensor_elements  ->  sensor_elements KW_ARGS TK_OPEN typed_param_list . TK_CLOSE   (rule 123)

    TK_CLOSE	shift, and go to state 245

    TK_CLOSE	[reduce using rule 43 (typed_param_sym_list)]
    $default	reduce using rule 43 (typed_param_sym_list)

    typed_param_sym_list	go to state 133



state 216

    typed_param_list  ->  typed_param_list . typed_param_sym_list TK_HYPHEN TK_TYPE_SYMBOL   (rule 39)
    typed_param_list  ->  typed_param_list . typed_param_sym_list   (rule 40)
    axiom_elements  ->  axiom_elements KW_ARGS TK_OPEN typed_param_list . TK_CLOSE   (rule 116)

    TK_CLOSE	shift, and go to state 246

    TK_CLOSE	[reduce using rule 43 (typed_param_sym_list)]
    $default	reduce using rule 43 (typed_param_sym_list)

    typed_param_sym_list	go to state 133



state 217

    atomic_effect_kw_list  ->  TK_OPEN KW_AND . atomic_effect_list TK_CLOSE   (rule 96)

    TK_OPEN	shift, and go to state 236

    literal	go to state 170
    positive_literal	go to state 167
    negative_literal	go to state 168
    atomic_effect_list	go to state 247
    atomic_effect	go to state 248



state 218

    observable_elements  ->  observable_elements KW_ARGS TK_OPEN typed_param_list TK_CLOSE .   (rule 130)

    $default	reduce using rule 130 (observable_elements)



state 219

    positive_literal  ->  TK_OPEN TK_EQ atom_argument_list . TK_CLOSE   (rule 80)
    atom_argument_list  ->  atom_argument_list . TK_VAR_SYMBOL   (rule 82)
    atom_argument_list  ->  atom_argument_list . TK_OBJ_SYMBOL   (rule 83)

    TK_CLOSE	shift, and go to state 249
    TK_OBJ_SYMBOL	shift, and go to state 250
    TK_VAR_SYMBOL	shift, and go to state 251



state 220

    positive_literal  ->  TK_OPEN TK_PRED_SYMBOL atom_argument_list . TK_CLOSE   (rule 79)
    atom_argument_list  ->  atom_argument_list . TK_VAR_SYMBOL   (rule 82)
    atom_argument_list  ->  atom_argument_list . TK_OBJ_SYMBOL   (rule 83)

    TK_CLOSE	shift, and go to state 252
    TK_OBJ_SYMBOL	shift, and go to state 250
    TK_VAR_SYMBOL	shift, and go to state 251



state 221

    sticky_elements  ->  sticky_elements KW_ARGS TK_OPEN typed_param_list TK_CLOSE .   (rule 136)

    $default	reduce using rule 136 (sticky_elements)



state 222

    problem_elements  ->  problem_elements TK_OPEN KW_FORDOMAIN any_symbol TK_CLOSE .   (rule 142)

    $default	reduce using rule 142 (problem_elements)



state 223

    initial_state  ->  TK_OPEN KW_INIT TK_OPEN KW_AND . init_elements TK_CLOSE TK_CLOSE   (rule 151)

    TK_OPEN	shift, and go to state 206

    literal	go to state 193
    positive_literal	go to state 167
    negative_literal	go to state 168
    at_least_one_invariant	go to state 194
    at_most_one_invariant	go to state 195
    exactly_one_invariant	go to state 196
    invariant	go to state 197
    clause	go to state 198
    oneof	go to state 199
    init_elements	go to state 253
    single_init_element	go to state 201



state 224

    clause  ->  TK_OPEN KW_OR . condition_list TK_CLOSE   (rule 111)

    TK_OPEN	shift, and go to state 236

    condition_list	go to state 254
    single_condition	go to state 238
    literal	go to state 166
    positive_literal	go to state 167
    negative_literal	go to state 168



state 225

    oneof  ->  TK_OPEN KW_ONEOF . condition_list TK_CLOSE   (rule 112)

    TK_OPEN	shift, and go to state 236

    condition_list	go to state 255
    single_condition	go to state 238
    literal	go to state 166
    positive_literal	go to state 167
    negative_literal	go to state 168



state 226

    at_least_one_invariant  ->  TK_OPEN KW_INVARIANT . condition_list TK_CLOSE   (rule 104)

    TK_OPEN	shift, and go to state 236

    condition_list	go to state 256
    single_condition	go to state 238
    literal	go to state 166
    positive_literal	go to state 167
    negative_literal	go to state 168



state 227

    at_least_one_invariant  ->  TK_OPEN KW_AT_LEAST_ONE . condition_list TK_CLOSE   (rule 105)

    TK_OPEN	shift, and go to state 236

    condition_list	go to state 257
    single_condition	go to state 238
    literal	go to state 166
    positive_literal	go to state 167
    negative_literal	go to state 168



state 228

    at_most_one_invariant  ->  TK_OPEN KW_AT_MOST_ONE . condition_list TK_CLOSE   (rule 106)

    TK_OPEN	shift, and go to state 236

    condition_list	go to state 258
    single_condition	go to state 238
    literal	go to state 166
    positive_literal	go to state 167
    negative_literal	go to state 168



state 229

    exactly_one_invariant  ->  TK_OPEN KW_EXACTLY_ONE . condition_list TK_CLOSE   (rule 107)

    TK_OPEN	shift, and go to state 236

    condition_list	go to state 259
    single_condition	go to state 238
    literal	go to state 166
    positive_literal	go to state 167
    negative_literal	go to state 168



state 230

    initial_state  ->  TK_OPEN KW_INIT init_elements TK_CLOSE .   (rule 150)

    $default	reduce using rule 150 (initial_state)



state 231

    init_elements  ->  init_elements single_init_element .   (rule 152)

    $default	reduce using rule 152 (init_elements)



state 232

    goal_spec  ->  TK_OPEN KW_GOAL TK_OPEN KW_AND . goal_list TK_CLOSE TK_CLOSE   (rule 160)

    TK_OPEN	shift, and go to state 236

    positive_literal	go to state 203
    negative_literal	go to state 204
    goal_list	go to state 260
    single_goal	go to state 261



state 233

    goal_spec  ->  TK_OPEN KW_GOAL single_goal TK_CLOSE .   (rule 159)

    $default	reduce using rule 159 (goal_spec)



state 234

    hidden_state  ->  TK_OPEN KW_HIDDEN init_elements TK_CLOSE .   (rule 158)

    $default	reduce using rule 158 (hidden_state)



state 235

    action_elements  ->  action_elements KW_ARGS TK_OPEN typed_param_list TK_CLOSE .   (rule 67)

    $default	reduce using rule 67 (action_elements)



state 236

    positive_literal  ->  TK_OPEN . TK_PRED_SYMBOL atom_argument_list TK_CLOSE   (rule 79)
    positive_literal  ->  TK_OPEN . TK_EQ atom_argument_list TK_CLOSE   (rule 80)
    negative_literal  ->  TK_OPEN . KW_NOT positive_literal TK_CLOSE   (rule 81)

    TK_EQ	shift, and go to state 186
    TK_PRED_SYMBOL	shift, and go to state 187
    KW_NOT	shift, and go to state 211



state 237

    condition  ->  TK_OPEN KW_AND condition_list . TK_CLOSE   (rule 73)
    condition_list  ->  condition_list . single_condition   (rule 74)

    TK_OPEN	shift, and go to state 236
    TK_CLOSE	shift, and go to state 262

    single_condition	go to state 263
    literal	go to state 166
    positive_literal	go to state 167
    negative_literal	go to state 168



state 238

    condition_list  ->  single_condition .   (rule 75)

    $default	reduce using rule 75 (condition_list)



state 239

    negative_literal  ->  TK_OPEN KW_NOT positive_literal . TK_CLOSE   (rule 81)

    TK_CLOSE	shift, and go to state 264



state 240

    positive_literal  ->  TK_OPEN . TK_PRED_SYMBOL atom_argument_list TK_CLOSE   (rule 79)
    positive_literal  ->  TK_OPEN . TK_EQ atom_argument_list TK_CLOSE   (rule 80)
    negative_literal  ->  TK_OPEN . KW_NOT positive_literal TK_CLOSE   (rule 81)
    conditional_effect  ->  TK_OPEN . KW_WHEN condition atomic_effect_kw_list TK_CLOSE   (rule 92)
    forall_effect  ->  TK_OPEN . KW_FORALL TK_OPEN @2 typed_param_list TK_CLOSE @3 action_effect TK_CLOSE   (rule 95)

    TK_EQ	shift, and go to state 186
    TK_PRED_SYMBOL	shift, and go to state 187
    KW_FORALL	shift, and go to state 213
    KW_NOT	shift, and go to state 211
    KW_WHEN	shift, and go to state 214



state 241

    action_effect  ->  TK_OPEN KW_AND action_effect_list . TK_CLOSE   (rule 86)
    action_effect_list  ->  action_effect_list . single_action_effect   (rule 87)

    TK_OPEN	shift, and go to state 240
    TK_CLOSE	shift, and go to state 265

    literal	go to state 170
    positive_literal	go to state 167
    negative_literal	go to state 168
    single_action_effect	go to state 266
    conditional_effect	go to state 173
    forall_effect	go to state 174
    atomic_effect	go to state 175



state 242

    action_effect_list  ->  single_action_effect .   (rule 88)

    $default	reduce using rule 88 (action_effect_list)



state 243

    forall_effect  ->  TK_OPEN KW_FORALL TK_OPEN . @2 typed_param_list TK_CLOSE @3 action_effect TK_CLOSE   (rule 95)

    $default	reduce using rule 93 (@2)

    @2  	go to state 267



state 244

    conditional_effect  ->  TK_OPEN KW_WHEN condition . atomic_effect_kw_list TK_CLOSE   (rule 92)

    TK_OPEN	shift, and go to state 182

    literal	go to state 170
    positive_literal	go to state 167
    negative_literal	go to state 168
    atomic_effect_kw_list	go to state 268
    atomic_effect	go to state 184



state 245

    sensor_elements  ->  sensor_elements KW_ARGS TK_OPEN typed_param_list TK_CLOSE .   (rule 123)

    $default	reduce using rule 123 (sensor_elements)



state 246

    axiom_elements  ->  axiom_elements KW_ARGS TK_OPEN typed_param_list TK_CLOSE .   (rule 116)

    $default	reduce using rule 116 (axiom_elements)



state 247

    atomic_effect_kw_list  ->  TK_OPEN KW_AND atomic_effect_list . TK_CLOSE   (rule 96)
    atomic_effect_list  ->  atomic_effect_list . atomic_effect   (rule 98)

    TK_OPEN	shift, and go to state 236
    TK_CLOSE	shift, and go to state 269

    literal	go to state 170
    positive_literal	go to state 167
    negative_literal	go to state 168
    atomic_effect	go to state 270



state 248

    atomic_effect_list  ->  atomic_effect .   (rule 99)

    $default	reduce using rule 99 (atomic_effect_list)



state 249

    positive_literal  ->  TK_OPEN TK_EQ atom_argument_list TK_CLOSE .   (rule 80)

    $default	reduce using rule 80 (positive_literal)



state 250

    atom_argument_list  ->  atom_argument_list TK_OBJ_SYMBOL .   (rule 83)

    $default	reduce using rule 83 (atom_argument_list)



state 251

    atom_argument_list  ->  atom_argument_list TK_VAR_SYMBOL .   (rule 82)

    $default	reduce using rule 82 (atom_argument_list)



state 252

    positive_literal  ->  TK_OPEN TK_PRED_SYMBOL atom_argument_list TK_CLOSE .   (rule 79)

    $default	reduce using rule 79 (positive_literal)



state 253

    initial_state  ->  TK_OPEN KW_INIT TK_OPEN KW_AND init_elements . TK_CLOSE TK_CLOSE   (rule 151)
    init_elements  ->  init_elements . single_init_element   (rule 152)

    TK_OPEN	shift, and go to state 206
    TK_CLOSE	shift, and go to state 271

    literal	go to state 193
    positive_literal	go to state 167
    negative_literal	go to state 168
    at_least_one_invariant	go to state 194
    at_most_one_invariant	go to state 195
    exactly_one_invariant	go to state 196
    invariant	go to state 197
    clause	go to state 198
    oneof	go to state 199
    single_init_element	go to state 231



state 254

    condition_list  ->  condition_list . single_condition   (rule 74)
    clause  ->  TK_OPEN KW_OR condition_list . TK_CLOSE   (rule 111)

    TK_OPEN	shift, and go to state 236
    TK_CLOSE	shift, and go to state 272

    single_condition	go to state 263
    literal	go to state 166
    positive_literal	go to state 167
    negative_literal	go to state 168



state 255

    condition_list  ->  condition_list . single_condition   (rule 74)
    oneof  ->  TK_OPEN KW_ONEOF condition_list . TK_CLOSE   (rule 112)

    TK_OPEN	shift, and go to state 236
    TK_CLOSE	shift, and go to state 273

    single_condition	go to state 263
    literal	go to state 166
    positive_literal	go to state 167
    negative_literal	go to state 168



state 256

    condition_list  ->  condition_list . single_condition   (rule 74)
    at_least_one_invariant  ->  TK_OPEN KW_INVARIANT condition_list . TK_CLOSE   (rule 104)

    TK_OPEN	shift, and go to state 236
    TK_CLOSE	shift, and go to state 274

    single_condition	go to state 263
    literal	go to state 166
    positive_literal	go to state 167
    negative_literal	go to state 168



state 257

    condition_list  ->  condition_list . single_condition   (rule 74)
    at_least_one_invariant  ->  TK_OPEN KW_AT_LEAST_ONE condition_list . TK_CLOSE   (rule 105)

    TK_OPEN	shift, and go to state 236
    TK_CLOSE	shift, and go to state 275

    single_condition	go to state 263
    literal	go to state 166
    positive_literal	go to state 167
    negative_literal	go to state 168



state 258

    condition_list  ->  condition_list . single_condition   (rule 74)
    at_most_one_invariant  ->  TK_OPEN KW_AT_MOST_ONE condition_list . TK_CLOSE   (rule 106)

    TK_OPEN	shift, and go to state 236
    TK_CLOSE	shift, and go to state 276

    single_condition	go to state 263
    literal	go to state 166
    positive_literal	go to state 167
    negative_literal	go to state 168



state 259

    condition_list  ->  condition_list . single_condition   (rule 74)
    exactly_one_invariant  ->  TK_OPEN KW_EXACTLY_ONE condition_list . TK_CLOSE   (rule 107)

    TK_OPEN	shift, and go to state 236
    TK_CLOSE	shift, and go to state 277

    single_condition	go to state 263
    literal	go to state 166
    positive_literal	go to state 167
    negative_literal	go to state 168



state 260

    goal_spec  ->  TK_OPEN KW_GOAL TK_OPEN KW_AND goal_list . TK_CLOSE TK_CLOSE   (rule 160)
    goal_list  ->  goal_list . single_goal   (rule 161)

    TK_OPEN	shift, and go to state 236
    TK_CLOSE	shift, and go to state 278

    positive_literal	go to state 203
    negative_literal	go to state 204
    single_goal	go to state 279



state 261

    goal_list  ->  single_goal .   (rule 162)

    $default	reduce using rule 162 (goal_list)



state 262

    condition  ->  TK_OPEN KW_AND condition_list TK_CLOSE .   (rule 73)

    $default	reduce using rule 73 (condition)



state 263

    condition_list  ->  condition_list single_condition .   (rule 74)

    $default	reduce using rule 74 (condition_list)



state 264

    negative_literal  ->  TK_OPEN KW_NOT positive_literal TK_CLOSE .   (rule 81)

    $default	reduce using rule 81 (negative_literal)



state 265

    action_effect  ->  TK_OPEN KW_AND action_effect_list TK_CLOSE .   (rule 86)

    $default	reduce using rule 86 (action_effect)



state 266

    action_effect_list  ->  action_effect_list single_action_effect .   (rule 87)

    $default	reduce using rule 87 (action_effect_list)



state 267

    forall_effect  ->  TK_OPEN KW_FORALL TK_OPEN @2 . typed_param_list TK_CLOSE @3 action_effect TK_CLOSE   (rule 95)

    $default	reduce using rule 41 (typed_param_list)

    typed_param_list	go to state 280



state 268

    conditional_effect  ->  TK_OPEN KW_WHEN condition atomic_effect_kw_list . TK_CLOSE   (rule 92)

    TK_CLOSE	shift, and go to state 281



state 269

    atomic_effect_kw_list  ->  TK_OPEN KW_AND atomic_effect_list TK_CLOSE .   (rule 96)

    $default	reduce using rule 96 (atomic_effect_kw_list)



state 270

    atomic_effect_list  ->  atomic_effect_list atomic_effect .   (rule 98)

    $default	reduce using rule 98 (atomic_effect_list)



state 271

    initial_state  ->  TK_OPEN KW_INIT TK_OPEN KW_AND init_elements TK_CLOSE . TK_CLOSE   (rule 151)

    TK_CLOSE	shift, and go to state 282



state 272

    clause  ->  TK_OPEN KW_OR condition_list TK_CLOSE .   (rule 111)

    $default	reduce using rule 111 (clause)



state 273

    oneof  ->  TK_OPEN KW_ONEOF condition_list TK_CLOSE .   (rule 112)

    $default	reduce using rule 112 (oneof)



state 274

    at_least_one_invariant  ->  TK_OPEN KW_INVARIANT condition_list TK_CLOSE .   (rule 104)

    $default	reduce using rule 104 (at_least_one_invariant)



state 275

    at_least_one_invariant  ->  TK_OPEN KW_AT_LEAST_ONE condition_list TK_CLOSE .   (rule 105)

    $default	reduce using rule 105 (at_least_one_invariant)



state 276

    at_most_one_invariant  ->  TK_OPEN KW_AT_MOST_ONE condition_list TK_CLOSE .   (rule 106)

    $default	reduce using rule 106 (at_most_one_invariant)



state 277

    exactly_one_invariant  ->  TK_OPEN KW_EXACTLY_ONE condition_list TK_CLOSE .   (rule 107)

    $default	reduce using rule 107 (exactly_one_invariant)



state 278

    goal_spec  ->  TK_OPEN KW_GOAL TK_OPEN KW_AND goal_list TK_CLOSE . TK_CLOSE   (rule 160)

    TK_CLOSE	shift, and go to state 283



state 279

    goal_list  ->  goal_list single_goal .   (rule 161)

    $default	reduce using rule 161 (goal_list)



state 280

    typed_param_list  ->  typed_param_list . typed_param_sym_list TK_HYPHEN TK_TYPE_SYMBOL   (rule 39)
    typed_param_list  ->  typed_param_list . typed_param_sym_list   (rule 40)
    forall_effect  ->  TK_OPEN KW_FORALL TK_OPEN @2 typed_param_list . TK_CLOSE @3 action_effect TK_CLOSE   (rule 95)

    TK_CLOSE	shift, and go to state 284

    TK_CLOSE	[reduce using rule 43 (typed_param_sym_list)]
    $default	reduce using rule 43 (typed_param_sym_list)

    typed_param_sym_list	go to state 133



state 281

    conditional_effect  ->  TK_OPEN KW_WHEN condition atomic_effect_kw_list TK_CLOSE .   (rule 92)

    $default	reduce using rule 92 (conditional_effect)



state 282

    initial_state  ->  TK_OPEN KW_INIT TK_OPEN KW_AND init_elements TK_CLOSE TK_CLOSE .   (rule 151)

    $default	reduce using rule 151 (initial_state)



state 283

    goal_spec  ->  TK_OPEN KW_GOAL TK_OPEN KW_AND goal_list TK_CLOSE TK_CLOSE .   (rule 160)

    $default	reduce using rule 160 (goal_spec)



state 284

    forall_effect  ->  TK_OPEN KW_FORALL TK_OPEN @2 typed_param_list TK_CLOSE . @3 action_effect TK_CLOSE   (rule 95)

    $default	reduce using rule 94 (@3)

    @3  	go to state 285



state 285

    forall_effect  ->  TK_OPEN KW_FORALL TK_OPEN @2 typed_param_list TK_CLOSE @3 . action_effect TK_CLOSE   (rule 95)

    TK_OPEN	shift, and go to state 169

    literal	go to state 170
    positive_literal	go to state 167
    negative_literal	go to state 168
    action_effect	go to state 286
    single_action_effect	go to state 172
    conditional_effect	go to state 173
    forall_effect	go to state 174
    atomic_effect	go to state 175



state 286

    forall_effect  ->  TK_OPEN KW_FORALL TK_OPEN @2 typed_param_list TK_CLOSE @3 action_effect . TK_CLOSE   (rule 95)

    TK_CLOSE	shift, and go to state 287



state 287

    forall_effect  ->  TK_OPEN KW_FORALL TK_OPEN @2 typed_param_list TK_CLOSE @3 action_effect TK_CLOSE .   (rule 95)

    $default	reduce using rule 95 (forall_effect)



state 288

    $   	go to state 289



state 289

    $   	go to state 290



state 290

    $default	accept
